#
# There is insufficient memory for the Java Runtime Environment to continue.
# Native memory allocation (malloc) failed to allocate 32744 bytes for ChunkPool::allocate
# Possible reasons:
#   The system is out of physical RAM or swap space
#   In 32 bit mode, the process size limit was hit
# Possible solutions:
#   Reduce memory load on the system
#   Increase physical memory or swap space
#   Check if swap backing store is full
#   Use 64 bit Java on a 64 bit OS
#   Decrease Java heap size (-Xmx/-Xms)
#   Decrease number of Java threads
#   Decrease Java thread stack sizes (-Xss)
#   Set larger code cache with -XX:ReservedCodeCacheSize=
# This output file may be truncated or incomplete.
#
#  Out of Memory Error (allocation.cpp:273), pid=13344, tid=0x0000000000002bd0
#
# JRE version: OpenJDK Runtime Environment (8.0_76-b03) (build 1.8.0_76-release-b03)
# Java VM: OpenJDK 64-Bit Server VM (25.76-b03 mixed mode windows-amd64 compressed oops)
# Failed to write core dump. Minidumps are not enabled by default on client versions of Windows
#

---------------  T H R E A D  ---------------

Current thread (0x0000000056a80000):  JavaThread "C2 CompilerThread1" daemon [_thread_in_native, id=11216, stack(0x0000000056f20000,0x0000000057020000)]

Stack: [0x0000000056f20000,0x0000000057020000]
[error occurred during error reporting (printing stack bounds), id 0xc0000005]

Native frames: (J=compiled Java code, j=interpreted, Vv=VM code, C=native code)


Current CompileTask:
C2:  13682 1363       4       com.android.dx.rop.code.PlainInsn::withNewRegisters (18 bytes)


---------------  P R O C E S S  ---------------

Java Threads: ( => current thread )
  0x0000000056de4000 JavaThread "pool-2-thread-4" [_thread_blocked, id=14376, stack(0x0000000057a20000,0x0000000057b20000)]
  0x0000000056de1000 JavaThread "pool-2-thread-3" [_thread_blocked, id=9752, stack(0x0000000057400000,0x0000000057500000)]
  0x0000000056cb8000 JavaThread "pool-2-thread-2" [_thread_blocked, id=14388, stack(0x0000000057860000,0x0000000057960000)]
  0x0000000056c9d000 JavaThread "pool-3-thread-1" [_thread_blocked, id=14952, stack(0x00000000576c0000,0x00000000577c0000)]
  0x0000000056c9b000 JavaThread "pool-2-thread-1" [_thread_in_Java, id=15196, stack(0x0000000057510000,0x0000000057610000)]
  0x0000000056a91800 JavaThread "Service Thread" daemon [_thread_blocked, id=10444, stack(0x0000000057280000,0x0000000057380000)]
  0x0000000056a90800 JavaThread "C1 CompilerThread2" daemon [_thread_in_native, id=10708, stack(0x0000000057080000,0x0000000057180000)]
=>0x0000000056a80000 JavaThread "C2 CompilerThread1" daemon [_thread_in_native, id=11216, stack(0x0000000056f20000,0x0000000057020000)]
  0x0000000055366000 JavaThread "C2 CompilerThread0" daemon [_thread_blocked, id=13132, stack(0x0000000056930000,0x0000000056a30000)]
  0x0000000055362800 JavaThread "Attach Listener" daemon [_thread_blocked, id=13472, stack(0x00000000566b0000,0x00000000567b0000)]
  0x0000000055360800 JavaThread "Signal Dispatcher" daemon [_thread_blocked, id=9500, stack(0x00000000563c0000,0x00000000564c0000)]
  0x0000000055347000 JavaThread "Finalizer" daemon [_thread_blocked, id=13092, stack(0x0000000056570000,0x0000000056670000)]
  0x0000000055300000 JavaThread "Reference Handler" daemon [_thread_blocked, id=11788, stack(0x00000000562c0000,0x00000000563c0000)]
  0x000000000019e000 JavaThread "main" [_thread_blocked, id=13224, stack(0x0000000002600000,0x0000000002700000)]

Other Threads:
  0x00000000552f8000 VMThread [stack: 0x0000000056170000,0x0000000056270000] [id=10620]
  0x0000000056a92800 WatcherThread [stack: 0x0000000056800000,0x0000000056900000] [id=9196]

VM state:not at safepoint (normal execution)

VM Mutex/Monitor currently owned by a thread: None

Heap:
 PSYoungGen      total 35328K, used 3106K [0x00000000eab00000, 0x00000000ed000000, 0x0000000100000000)
  eden space 32768K, 1% used [0x00000000eab00000,0x00000000eab8acf8,0x00000000ecb00000)
  from space 2560K, 99% used [0x00000000ecd80000,0x00000000ecffdc78,0x00000000ed000000)
  to   space 2560K, 0% used [0x00000000ecb00000,0x00000000ecb00000,0x00000000ecd80000)
 ParOldGen       total 44032K, used 2872K [0x00000000c0000000, 0x00000000c2b00000, 0x00000000eab00000)
  object space 44032K, 6% used [0x00000000c0000000,0x00000000c02ce238,0x00000000c2b00000)
 Metaspace       used 5998K, capacity 6960K, committed 7040K, reserved 1056768K
  class space    used 568K, capacity 616K, committed 640K, reserved 1048576K

Card table byte_map: [0x0000000011d90000,0x0000000011fa0000] byte_map_base: 0x0000000011790000

Marking Bits: (ParMarkBitMap*) 0x000000006bbe9d00
 Begin Bits: [0x0000000012770000, 0x0000000013770000)
 End Bits:   [0x0000000013770000, 0x0000000014770000)

Polling page: 0x0000000000140000

CodeCache: size=245760Kb used=5420Kb max_used=5420Kb free=240339Kb
 bounds [0x00000000029d0000, 0x0000000002f20000, 0x00000000119d0000]
 total_blobs=1610 nmethods=1343 adapters=181
 compilation: enabled

Compilation events (10 events):
Event: 12.386 Thread 0x0000000056a90800 1347       1       com.android.dx.cf.iface.StdMember::getDefiningClass (5 bytes)
Event: 12.386 Thread 0x0000000056a90800 nmethod 1347 0x0000000002f08cd0 code [0x0000000002f08e20, 0x0000000002f08f30]
Event: 12.387 Thread 0x0000000056a90800 1348       3       com.android.dx.rop.cst.CstString::getType (4 bytes)
Event: 12.387 Thread 0x0000000056a90800 nmethod 1348 0x0000000002f08990 code [0x0000000002f08ae0, 0x0000000002f08c30]
Event: 12.387 Thread 0x0000000056a90800 1349       3       com.android.dx.dex.code.RopTranslator::outputInstructions (69 bytes)
Event: 12.388 Thread 0x0000000056a90800 nmethod 1349 0x0000000002f081d0 code [0x0000000002f08360, 0x0000000002f087b8]
Event: 13.666 Thread 0x0000000056a90800 1350   !   3       java.lang.ref.Reference::tryHandlePending (115 bytes)
Event: 13.670 Thread 0x0000000056a90800 nmethod 1350 0x0000000002f06e10 code [0x0000000002f07040, 0x0000000002f07cc8]
Event: 13.670 Thread 0x0000000056a90800 1352       3       com.android.dx.ssa.SCCP::simulateBranch (666 bytes)
Event: 13.671 Thread 0x0000000056a80000 1363       4       com.android.dx.rop.code.PlainInsn::withNewRegisters (18 bytes)

GC Heap History (4 events):
Event: 2.490 GC heap before
{Heap before GC invocations=1 (full 0):
 PSYoungGen      total 18944K, used 16384K [0x00000000eab00000, 0x00000000ec000000, 0x0000000100000000)
  eden space 16384K, 100% used [0x00000000eab00000,0x00000000ebb00000,0x00000000ebb00000)
  from space 2560K, 0% used [0x00000000ebd80000,0x00000000ebd80000,0x00000000ec000000)
  to   space 2560K, 0% used [0x00000000ebb00000,0x00000000ebb00000,0x00000000ebd80000)
 ParOldGen       total 44032K, used 0K [0x00000000c0000000, 0x00000000c2b00000, 0x00000000eab00000)
  object space 44032K, 0% used [0x00000000c0000000,0x00000000c0000000,0x00000000c2b00000)
 Metaspace       used 5581K, capacity 6640K, committed 6784K, reserved 1056768K
  class space    used 567K, capacity 616K, committed 640K, reserved 1048576K
Event: 3.599 GC heap after
Heap after GC invocations=1 (full 0):
 PSYoungGen      total 18944K, used 2530K [0x00000000eab00000, 0x00000000ed000000, 0x0000000100000000)
  eden space 16384K, 0% used [0x00000000eab00000,0x00000000eab00000,0x00000000ebb00000)
  from space 2560K, 98% used [0x00000000ebb00000,0x00000000ebd78908,0x00000000ebd80000)
  to   space 2560K, 0% used [0x00000000ecd80000,0x00000000ecd80000,0x00000000ed000000)
 ParOldGen       total 44032K, used 1162K [0x00000000c0000000, 0x00000000c2b00000, 0x00000000eab00000)
  object space 44032K, 2% used [0x00000000c0000000,0x00000000c0122928,0x00000000c2b00000)
 Metaspace       used 5581K, capacity 6640K, committed 6784K, reserved 1056768K
  class space    used 567K, capacity 616K, committed 640K, reserved 1048576K
}
Event: 12.392 GC heap before
{Heap before GC invocations=2 (full 0):
 PSYoungGen      total 18944K, used 18914K [0x00000000eab00000, 0x00000000ed000000, 0x0000000100000000)
  eden space 16384K, 100% used [0x00000000eab00000,0x00000000ebb00000,0x00000000ebb00000)
  from space 2560K, 98% used [0x00000000ebb00000,0x00000000ebd78908,0x00000000ebd80000)
  to   space 2560K, 0% used [0x00000000ecd80000,0x00000000ecd80000,0x00000000ed000000)
 ParOldGen       total 44032K, used 1162K [0x00000000c0000000, 0x00000000c2b00000, 0x00000000eab00000)
  object space 44032K, 2% used [0x00000000c0000000,0x00000000c0122928,0x00000000c2b00000)
 Metaspace       used 5997K, capacity 6960K, committed 7040K, reserved 1056768K
  class space    used 568K, capacity 616K, committed 640K, reserved 1048576K
Event: 13.662 GC heap after
Heap after GC invocations=2 (full 0):
 PSYoungGen      total 35328K, used 2551K [0x00000000eab00000, 0x00000000ed000000, 0x0000000100000000)
  eden space 32768K, 0% used [0x00000000eab00000,0x00000000eab00000,0x00000000ecb00000)
  from space 2560K, 99% used [0x00000000ecd80000,0x00000000ecffdc78,0x00000000ed000000)
  to   space 2560K, 0% used [0x00000000ecb00000,0x00000000ecb00000,0x00000000ecd80000)
 ParOldGen       total 44032K, used 2872K [0x00000000c0000000, 0x00000000c2b00000, 0x00000000eab00000)
  object space 44032K, 6% used [0x00000000c0000000,0x00000000c02ce238,0x00000000c2b00000)
 Metaspace       used 5997K, capacity 6960K, committed 7040K, reserved 1056768K
  class space    used 568K, capacity 616K, committed 640K, reserved 1048576K
}

Deoptimization events (10 events):
Event: 3.603 Thread 0x0000000056de1000 Uncommon trap: reason=bimorphic action=maybe_recompile pc=0x0000000002c90488 method=com.android.dx.rop.code.RegisterSpec.equals(ILcom/android/dx/rop/type/TypeBearer;Lcom/android/dx/rop/code/LocalItem;)Z @ 13
Event: 3.699 Thread 0x0000000056de1000 Uncommon trap: reason=bimorphic action=maybe_recompile pc=0x0000000002c90488 method=com.android.dx.rop.code.RegisterSpec.equals(ILcom/android/dx/rop/type/TypeBearer;Lcom/android/dx/rop/code/LocalItem;)Z @ 13
Event: 3.699 Thread 0x0000000056de1000 Uncommon trap: reason=bimorphic action=maybe_recompile pc=0x0000000002c90488 method=com.android.dx.rop.code.RegisterSpec.equals(ILcom/android/dx/rop/type/TypeBearer;Lcom/android/dx/rop/code/LocalItem;)Z @ 13
Event: 3.699 Thread 0x0000000056de1000 Uncommon trap: reason=bimorphic action=maybe_recompile pc=0x0000000002c90488 method=com.android.dx.rop.code.RegisterSpec.equals(ILcom/android/dx/rop/type/TypeBearer;Lcom/android/dx/rop/code/LocalItem;)Z @ 13
Event: 6.598 Thread 0x0000000056de4000 Uncommon trap: reason=unstable_if action=reinterpret pc=0x0000000002cd3dcc method=java.util.HashMap.getNode(ILjava/lang/Object;)Ljava/util/HashMap$Node; @ 129
Event: 6.598 Thread 0x0000000056de4000 Uncommon trap: reason=unstable_if action=reinterpret pc=0x0000000002bfd178 method=java.util.HashMap.getNode(ILjava/lang/Object;)Ljava/util/HashMap$Node; @ 129
Event: 6.600 Thread 0x0000000056de4000 Uncommon trap: reason=unstable_if action=reinterpret pc=0x0000000002bda1ec method=java.util.HashMap.getNode(ILjava/lang/Object;)Ljava/util/HashMap$Node; @ 129
Event: 6.827 Thread 0x0000000056de4000 Uncommon trap: reason=unstable_if action=reinterpret pc=0x0000000002bec9e0 method=java.util.BitSet.nextSetBit(I)I @ 87
Event: 6.847 Thread 0x0000000056de4000 Uncommon trap: reason=unstable_if action=reinterpret pc=0x0000000002d468ac method=com.android.dx.ssa.SsaMethod.onSourcesChanged(Lcom/android/dx/ssa/SsaInsn;Lcom/android/dx/rop/code/RegisterSpecList;)V @ 4
Event: 13.669 Thread 0x0000000056c9b000 Uncommon trap: reason=unstable_if action=reinterpret pc=0x0000000002f1c64c method=com.android.dx.ssa.SCCP.simulateBranch(Lcom/android/dx/ssa/SsaInsn;)V @ 81

Internal exceptions (2 events):
Event: 0.115 Thread 0x000000000019e000 Exception <a 'java/lang/NoSuchMethodError': Method sun.misc.Unsafe.defineClass(Ljava/lang/String;[BII)Ljava/lang/Class; name or signature does not match> (0x00000000eab07cc0) thrown at [C:\src\android\AOSP-openjdk\external\jetbrains\jdk\hotspot\src\share\v™S€†¿b½?
Event: 0.115 Thread 0x000000000019e000 Exception <a 'java/lang/NoSuchMethodError': Method sun.misc.Unsafe.prefetchRead(Ljava/lang/Object;J)V name or signature does not match> (0x00000000eab07fa8) thrown at [C:\src\android\AOSP-openjdk\external\jetbrains\jdk\hotspot\src\share\vm\prims\jni.cpp, l

Events (10 events):
Event: 6.847 Thread 0x0000000056de4000 DEOPT UNPACKING pc=0x0000000002a1556a sp=0x0000000057b1ecf0 mode 2
Event: 7.203 loading class com/android/dx/cf/attrib/AttSignature
Event: 7.203 loading class com/android/dx/cf/attrib/AttSignature done
Event: 7.466 loading class com/android/dx/dex/file/FieldAnnotationStruct
Event: 7.466 loading class com/android/dx/dex/file/FieldAnnotationStruct done
Event: 12.392 Executing VM operation: ParallelGCFailedAllocation
Event: 13.662 Executing VM operation: ParallelGCFailedAllocation done
Event: 13.668 Thread 0x0000000056c9b000 Uncommon trap: trap_request=0xffffff65 fr.pc=0x0000000002f1c64c
Event: 13.669 Thread 0x0000000056c9b000 DEOPT PACKING pc=0x0000000002f1c64c sp=0x000000005760e790
Event: 13.669 Thread 0x0000000056c9b000 DEOPT UNPACKING pc=0x0000000002a1556a sp=0x000000005760e730 mode 2


Dynamic libraries:
0x000000013ff60000 - 0x000000013ff91000 	C:\Program Files\Android\Android Studio\jre\bin\java.exe
0x0000000077bd0000 - 0x0000000077d79000 	C:\Windows\SYSTEM32\ntdll.dll
0x00000000779b0000 - 0x0000000077acf000 	C:\Windows\system32\kernel32.dll
0x000007fefdbd0000 - 0x000007fefdc3b000 	C:\Windows\system32\KERNELBASE.dll
0x000007feff380000 - 0x000007feff45b000 	C:\Windows\system32\ADVAPI32.dll
0x000007feff820000 - 0x000007feff8bf000 	C:\Windows\system32\msvcrt.dll
0x000007fefdf10000 - 0x000007fefdf2f000 	C:\Windows\SYSTEM32\sechost.dll
0x000007feff4d0000 - 0x000007feff5fd000 	C:\Windows\system32\RPCRT4.dll
0x0000000077ad0000 - 0x0000000077bca000 	C:\Windows\system32\USER32.dll
0x000007feff460000 - 0x000007feff4c7000 	C:\Windows\system32\GDI32.dll
0x000007feff8c0000 - 0x000007feff8ce000 	C:\Windows\system32\LPK.dll
0x000007fefeec0000 - 0x000007fefef89000 	C:\Windows\system32\USP10.dll
0x000007fefc790000 - 0x000007fefc984000 	C:\Windows\WinSxS\amd64_microsoft.windows.common-controls_6595b64144ccf1df_6.0.7601.17514_none_fa396087175ac9ac\COMCTL32.dll
0x000007fefee40000 - 0x000007fefeeb1000 	C:\Windows\system32\SHLWAPI.dll
0x000007fefef90000 - 0x000007fefefbe000 	C:\Windows\system32\IMM32.DLL
0x000007feff1d0000 - 0x000007feff2d9000 	C:\Windows\system32\MSCTF.dll
0x000000006ff20000 - 0x000000006fff2000 	C:\Program Files\Android\Android Studio\jre\jre\bin\msvcr100.dll
0x000000006b430000 - 0x000000006bc64000 	C:\Program Files\Android\Android Studio\jre\jre\bin\server\jvm.dll
0x000007fef9ca0000 - 0x000007fef9ca9000 	C:\Windows\system32\WSOCK32.dll
0x000007feffe10000 - 0x000007feffe5d000 	C:\Windows\system32\WS2_32.dll
0x000007feff810000 - 0x000007feff818000 	C:\Windows\system32\NSI.dll
0x000007fefb9f0000 - 0x000007fefba2b000 	C:\Windows\system32\WINMM.dll
0x000007fefcc80000 - 0x000007fefcc8c000 	C:\Windows\system32\VERSION.dll
0x0000000077d90000 - 0x0000000077d97000 	C:\Windows\system32\PSAPI.DLL
0x000007fefc760000 - 0x000007fefc76f000 	C:\Program Files\Android\Android Studio\jre\jre\bin\verify.dll
0x000007fefb480000 - 0x000007fefb4a9000 	C:\Program Files\Android\Android Studio\jre\jre\bin\java.dll
0x000007fefb5a0000 - 0x000007fefb5b6000 	C:\Program Files\Android\Android Studio\jre\jre\bin\zip.dll
0x000007fefe0b0000 - 0x000007fefee38000 	C:\Windows\system32\SHELL32.dll
0x000007fefefc0000 - 0x000007feff1c3000 	C:\Windows\system32\ole32.dll
0x000007fefdb20000 - 0x000007fefdb2f000 	C:\Windows\system32\profapi.dll

VM Arguments:
jvm_args: -Djava.awt.headless=true -Xmx1024M -Dfile.encoding=windows-1252 -Duser.country=US -Duser.language=en -Duser.variant 
java_command: com.android.dx.command.Main --dex --force-jumbo --num-threads=4 --multi-dex --output C:\StudioProjects\BrightGasSE\app\build\intermediates\transforms\dex\debug\folders\1000\10\com.google.android.gms-play-services-maps-9.2.0_3e6dc963ada5a5e9168adc99e98243312d574664 C:\StudioProjects\BrightGasSE\app\build\intermediates\exploded-aar\com.google.android.gms\play-services-maps\9.2.0\jars\classes.jar
java_class_path (initial): C:\Users\RIDWAN\AppData\Local\Android\sdk\build-tools\23.0.2\lib\dx.jar
Launcher Type: SUN_STANDARD

Environment Variables:
PATH=C:\Windows\system32;C:\Windows;C:\Windows\System32\Wbem;C:\Windows\System32\WindowsPowerShell\v1.0\;C:\Program Files (x86)\Intel\OpenCL SDK\2.0\bin\x86;C:\Program Files (x86)\Intel\OpenCL SDK\2.0\bin\x64;C:\Users\RIDWAN\Downloads\Putty;C:\Program Files\xampp\php;C:\ProgramData\ComposerSetup\bin;C:\Program Files\xampp\php\ext;C:\Program Files\TortoiseSVN\bin;C:\phalcon-devtools;C:\Program Files\Git\cmd;C:\Program Files\cURL\bin
USERNAME=RIDWAN
OS=Windows_NT
PROCESSOR_IDENTIFIER=Intel64 Family 6 Model 42 Stepping 7, GenuineIntel



---------------  S Y S T E M  ---------------

OS: Windows 7 , 64 bit Build 7601 (6.1.7601.17514)

CPU:total 4 (2 cores per cpu, 2 threads per core) family 6 model 42 stepping 7, cmov, cx8, fxsr, mmx, sse, sse2, sse3, ssse3, sse4.1, sse4.2, popcnt, avx, aes, clmul, ht, tsc, tscinvbit

Memory: 4k page, physical 4102896k(772192k free), swap 4901572k(5108k free)

vm_info: OpenJDK 64-Bit Server VM (25.76-b03) for windows-amd64 JRE (1.8.0_76-release-b03), built on Jun 29 2016 19:09:20 by "ralucas" with MS VC++ 10.0 (VS2010)

time: Thu Dec 15 19:41:01 2016
elapsed time: 13 seconds (0d 0h 0m 13s)

