#
# There is insufficient memory for the Java Runtime Environment to continue.
# Native memory allocation (malloc) failed to allocate 32784 bytes for Chunk::new
# Possible reasons:
#   The system is out of physical RAM or swap space
#   In 32 bit mode, the process size limit was hit
# Possible solutions:
#   Reduce memory load on the system
#   Increase physical memory or swap space
#   Check if swap backing store is full
#   Use 64 bit Java on a 64 bit OS
#   Decrease Java heap size (-Xmx/-Xms)
#   Decrease number of Java threads
#   Decrease Java thread stack sizes (-Xss)
#   Set larger code cache with -XX:ReservedCodeCacheSize=
# This output file may be truncated or incomplete.
#
#  Out of Memory Error (allocation.cpp:390), pid=6332, tid=0x000000000000377c
#
# JRE version: OpenJDK Runtime Environment (8.0_76-b03) (build 1.8.0_76-release-b03)
# Java VM: OpenJDK 64-Bit Server VM (25.76-b03 mixed mode windows-amd64 compressed oops)
# Failed to write core dump. Minidumps are not enabled by default on client versions of Windows
#

---------------  T H R E A D  ---------------

Current thread (0x0000000056bdd800):  JavaThread "C2 CompilerThread1" daemon [_thread_in_native, id=14204, stack(0x00000000570e0000,0x00000000571e0000)]

Stack: [0x00000000570e0000,0x00000000571e0000]
[error occurred during error reporting (printing stack bounds), id 0xc0000005]

Native frames: (J=compiled Java code, j=interpreted, Vv=VM code, C=native code)


Current CompileTask:
C2:  53651 2276 %     4       com.android.dx.ssa.SsaConverter::edgeSplitSuccessors @ 45 (98 bytes)


---------------  P R O C E S S  ---------------

Java Threads: ( => current thread )
  0x0000000056dd7800 JavaThread "pool-2-thread-4" [_thread_in_Java, id=12132, stack(0x0000000057aa0000,0x0000000057ba0000)]
  0x0000000056dd4800 JavaThread "pool-2-thread-3" [_thread_blocked, id=2584, stack(0x00000000577a0000,0x00000000578a0000)]
  0x0000000056d7c000 JavaThread "pool-2-thread-2" [_thread_blocked, id=3216, stack(0x00000000573a0000,0x00000000574a0000)]
  0x0000000056d02000 JavaThread "pool-3-thread-1" [_thread_blocked, id=10988, stack(0x0000000056940000,0x0000000056a40000)]
  0x0000000056d01000 JavaThread "pool-2-thread-1" [_thread_blocked, id=12396, stack(0x00000000578b0000,0x00000000579b0000)]
  0x0000000056c13000 JavaThread "Service Thread" daemon [_thread_blocked, id=13096, stack(0x00000000574a0000,0x00000000575a0000)]
  0x00000000552ef800 JavaThread "C1 CompilerThread2" daemon [_thread_blocked, id=13172, stack(0x00000000572a0000,0x00000000573a0000)]
=>0x0000000056bdd800 JavaThread "C2 CompilerThread1" daemon [_thread_in_native, id=14204, stack(0x00000000570e0000,0x00000000571e0000)]
  0x00000000552e4000 JavaThread "C2 CompilerThread0" daemon [_thread_in_native, id=15172, stack(0x0000000056aa0000,0x0000000056ba0000)]
  0x00000000552e0800 JavaThread "Attach Listener" daemon [_thread_blocked, id=14668, stack(0x0000000056380000,0x0000000056480000)]
  0x00000000552de800 JavaThread "Signal Dispatcher" daemon [_thread_blocked, id=11776, stack(0x0000000056840000,0x0000000056940000)]
  0x00000000552c7000 JavaThread "Finalizer" daemon [_thread_blocked, id=10256, stack(0x0000000056660000,0x0000000056760000)]
  0x000000005527f800 JavaThread "Reference Handler" daemon [_thread_blocked, id=12552, stack(0x0000000056480000,0x0000000056580000)]
  0x000000000244e000 JavaThread "main" [_thread_blocked, id=14168, stack(0x0000000002450000,0x0000000002550000)]

Other Threads:
  0x0000000055278000 VMThread [stack: 0x0000000056220000,0x0000000056320000] [id=12152]
  0x0000000056c14000 WatcherThread [stack: 0x00000000576a0000,0x00000000577a0000] [id=14180]

VM state:not at safepoint (normal execution)

VM Mutex/Monitor currently owned by a thread: None

Heap:
 PSYoungGen      total 147456K, used 7821K [0x00000000eab00000, 0x00000000f4d00000, 0x0000000100000000)
  eden space 130048K, 2% used [0x00000000eab00000,0x00000000eae42648,0x00000000f2a00000)
  from space 17408K, 25% used [0x00000000f2a00000,0x00000000f2e61030,0x00000000f3b00000)
  to   space 16384K, 0% used [0x00000000f3b00000,0x00000000f3b00000,0x00000000f4b00000)
 ParOldGen       total 89088K, used 43927K [0x00000000c0000000, 0x00000000c5700000, 0x00000000eab00000)
  object space 89088K, 49% used [0x00000000c0000000,0x00000000c2ae5e90,0x00000000c5700000)
 Metaspace       used 6052K, capacity 7152K, committed 7296K, reserved 1056768K
  class space    used 563K, capacity 616K, committed 640K, reserved 1048576K

Card table byte_map: [0x0000000011be0000,0x0000000011df0000] byte_map_base: 0x00000000115e0000

Marking Bits: (ParMarkBitMap*) 0x000000006bbe9d00
 Begin Bits: [0x00000000126f0000, 0x00000000136f0000)
 End Bits:   [0x00000000136f0000, 0x00000000146f0000)

Polling page: 0x0000000000130000

CodeCache: size=245760Kb used=8314Kb max_used=9452Kb free=237445Kb
 bounds [0x0000000002820000, 0x0000000003170000, 0x0000000011820000]
 total_blobs=1949 nmethods=1687 adapters=175
 compilation: enabled

Compilation events (10 events):
Event: 53.547 Thread 0x0000000056bdd800 2272       4       com.android.dx.cf.code.ByteBlockList::labelToBlock (46 bytes)
Event: 53.548 Thread 0x00000000552ef800 nmethod 2271 0x0000000002c479d0 code [0x0000000002c47b40, 0x0000000002c47e70]
Event: 53.554 Thread 0x0000000056bdd800 nmethod 2272 0x0000000002a06490 code [0x0000000002a065e0, 0x0000000002a06738]
Event: 53.557 Thread 0x0000000056bdd800 2273       4       com.android.dx.cf.code.OneLocalsArray::get (20 bytes)
Event: 53.559 Thread 0x0000000056bdd800 nmethod 2273 0x00000000029647d0 code [0x0000000002964900, 0x0000000002964998]
Event: 53.560 Thread 0x0000000056bdd800 2274       4       com.android.dx.cf.code.LocalVariableList::pcAndIndexToLocal (51 bytes)
Event: 53.568 Thread 0x0000000056bdd800 nmethod 2274 0x00000000029c2010 code [0x00000000029c2160, 0x00000000029c2278]
Event: 53.571 Thread 0x0000000056bdd800 2275       4       java.lang.Character::forDigit (42 bytes)
Event: 53.574 Thread 0x0000000056bdd800 nmethod 2275 0x00000000029a6610 code [0x00000000029a6740, 0x00000000029a67f8]
Event: 53.580 Thread 0x0000000056bdd800 2276 %     4       com.android.dx.ssa.SsaConverter::edgeSplitSuccessors @ 45 (98 bytes)

GC Heap History (10 events):
Event: 14.032 GC heap before
{Heap before GC invocations=4 (full 0):
 PSYoungGen      total 35328K, used 35302K [0x00000000eab00000, 0x00000000ef000000, 0x0000000100000000)
  eden space 32768K, 100% used [0x00000000eab00000,0x00000000ecb00000,0x00000000ecb00000)
  from space 2560K, 99% used [0x00000000ecb00000,0x00000000ecd79b90,0x00000000ecd80000)
  to   space 2560K, 0% used [0x00000000eed80000,0x00000000eed80000,0x00000000ef000000)
 ParOldGen       total 44032K, used 9558K [0x00000000c0000000, 0x00000000c2b00000, 0x00000000eab00000)
  object space 44032K, 21% used [0x00000000c0000000,0x00000000c0955bd0,0x00000000c2b00000)
 Metaspace       used 5874K, capacity 7024K, committed 7296K, reserved 1056768K
  class space    used 562K, capacity 616K, committed 640K, reserved 1048576K
Event: 14.139 GC heap after
Heap after GC invocations=4 (full 0):
 PSYoungGen      total 68096K, used 2534K [0x00000000eab00000, 0x00000000ef000000, 0x0000000100000000)
  eden space 65536K, 0% used [0x00000000eab00000,0x00000000eab00000,0x00000000eeb00000)
  from space 2560K, 99% used [0x00000000eed80000,0x00000000eeff9b90,0x00000000ef000000)
  to   space 2560K, 0% used [0x00000000eeb00000,0x00000000eeb00000,0x00000000eed80000)
 ParOldGen       total 44032K, used 15656K [0x00000000c0000000, 0x00000000c2b00000, 0x00000000eab00000)
  object space 44032K, 35% used [0x00000000c0000000,0x00000000c0f4a050,0x00000000c2b00000)
 Metaspace       used 5874K, capacity 7024K, committed 7296K, reserved 1056768K
  class space    used 562K, capacity 616K, committed 640K, reserved 1048576K
}
Event: 19.118 GC heap before
{Heap before GC invocations=5 (full 0):
 PSYoungGen      total 68096K, used 68070K [0x00000000eab00000, 0x00000000ef000000, 0x0000000100000000)
  eden space 65536K, 100% used [0x00000000eab00000,0x00000000eeb00000,0x00000000eeb00000)
  from space 2560K, 99% used [0x00000000eed80000,0x00000000eeff9b90,0x00000000ef000000)
  to   space 2560K, 0% used [0x00000000eeb00000,0x00000000eeb00000,0x00000000eed80000)
 ParOldGen       total 44032K, used 15656K [0x00000000c0000000, 0x00000000c2b00000, 0x00000000eab00000)
  object space 44032K, 35% used [0x00000000c0000000,0x00000000c0f4a050,0x00000000c2b00000)
 Metaspace       used 5943K, capacity 7088K, committed 7296K, reserved 1056768K
  class space    used 563K, capacity 616K, committed 640K, reserved 1048576K
Event: 19.453 GC heap after
Heap after GC invocations=5 (full 0):
 PSYoungGen      total 68096K, used 2529K [0x00000000eab00000, 0x00000000f4b00000, 0x0000000100000000)
  eden space 65536K, 0% used [0x00000000eab00000,0x00000000eab00000,0x00000000eeb00000)
  from space 2560K, 98% used [0x00000000eeb00000,0x00000000eed78480,0x00000000eed80000)
  to   space 16384K, 0% used [0x00000000f3b00000,0x00000000f3b00000,0x00000000f4b00000)
 ParOldGen       total 44032K, used 29457K [0x00000000c0000000, 0x00000000c2b00000, 0x00000000eab00000)
  object space 44032K, 66% used [0x00000000c0000000,0x00000000c1cc44f0,0x00000000c2b00000)
 Metaspace       used 5943K, capacity 7088K, committed 7296K, reserved 1056768K
  class space    used 563K, capacity 616K, committed 640K, reserved 1048576K
}
Event: 23.502 GC heap before
{Heap before GC invocations=6 (full 0):
 PSYoungGen      total 68096K, used 68065K [0x00000000eab00000, 0x00000000f4b00000, 0x0000000100000000)
  eden space 65536K, 100% used [0x00000000eab00000,0x00000000eeb00000,0x00000000eeb00000)
  from space 2560K, 98% used [0x00000000eeb00000,0x00000000eed78480,0x00000000eed80000)
  to   space 16384K, 0% used [0x00000000f3b00000,0x00000000f3b00000,0x00000000f4b00000)
 ParOldGen       total 44032K, used 29457K [0x00000000c0000000, 0x00000000c2b00000, 0x00000000eab00000)
  object space 44032K, 66% used [0x00000000c0000000,0x00000000c1cc44f0,0x00000000c2b00000)
 Metaspace       used 5990K, capacity 7088K, committed 7296K, reserved 1056768K
  class space    used 563K, capacity 616K, committed 640K, reserved 1048576K
Event: 24.611 GC heap after
Heap after GC invocations=6 (full 0):
 PSYoungGen      total 146432K, used 12293K [0x00000000eab00000, 0x00000000f4d00000, 0x0000000100000000)
  eden space 130048K, 0% used [0x00000000eab00000,0x00000000eab00000,0x00000000f2a00000)
  from space 16384K, 75% used [0x00000000f3b00000,0x00000000f4701668,0x00000000f4b00000)
  to   space 17408K, 0% used [0x00000000f2a00000,0x00000000f2a00000,0x00000000f3b00000)
 ParOldGen       total 44032K, used 29465K [0x00000000c0000000, 0x00000000c2b00000, 0x00000000eab00000)
  object space 44032K, 66% used [0x00000000c0000000,0x00000000c1cc64f0,0x00000000c2b00000)
 Metaspace       used 5990K, capacity 7088K, committed 7296K, reserved 1056768K
  class space    used 563K, capacity 616K, committed 640K, reserved 1048576K
}
Event: 39.351 GC heap before
{Heap before GC invocations=7 (full 0):
 PSYoungGen      total 146432K, used 142341K [0x00000000eab00000, 0x00000000f4d00000, 0x0000000100000000)
  eden space 130048K, 100% used [0x00000000eab00000,0x00000000f2a00000,0x00000000f2a00000)
  from space 16384K, 75% used [0x00000000f3b00000,0x00000000f4701668,0x00000000f4b00000)
  to   space 17408K, 0% used [0x00000000f2a00000,0x00000000f2a00000,0x00000000f3b00000)
 ParOldGen       total 44032K, used 29465K [0x00000000c0000000, 0x00000000c2b00000, 0x00000000eab00000)
  object space 44032K, 66% used [0x00000000c0000000,0x00000000c1cc64f0,0x00000000c2b00000)
 Metaspace       used 6048K, capacity 7152K, committed 7296K, reserved 1056768K
  class space    used 563K, capacity 616K, committed 640K, reserved 1048576K
Event: 40.208 GC heap after
Heap after GC invocations=7 (full 0):
 PSYoungGen      total 147456K, used 17399K [0x00000000eab00000, 0x00000000f4d00000, 0x0000000100000000)
  eden space 130048K, 0% used [0x00000000eab00000,0x00000000eab00000,0x00000000f2a00000)
  from space 17408K, 99% used [0x00000000f2a00000,0x00000000f3afdef8,0x00000000f3b00000)
  to   space 16384K, 0% used [0x00000000f3b00000,0x00000000f3b00000,0x00000000f4b00000)
 ParOldGen       total 44032K, used 42495K [0x00000000c0000000, 0x00000000c2b00000, 0x00000000eab00000)
  object space 44032K, 96% used [0x00000000c0000000,0x00000000c297fe98,0x00000000c2b00000)
 Metaspace       used 6048K, capacity 7152K, committed 7296K, reserved 1056768K
  class space    used 563K, capacity 616K, committed 640K, reserved 1048576K
}
Event: 40.208 GC heap before
{Heap before GC invocations=8 (full 1):
 PSYoungGen      total 147456K, used 17399K [0x00000000eab00000, 0x00000000f4d00000, 0x0000000100000000)
  eden space 130048K, 0% used [0x00000000eab00000,0x00000000eab00000,0x00000000f2a00000)
  from space 17408K, 99% used [0x00000000f2a00000,0x00000000f3afdef8,0x00000000f3b00000)
  to   space 16384K, 0% used [0x00000000f3b00000,0x00000000f3b00000,0x00000000f4b00000)
 ParOldGen       total 44032K, used 42495K [0x00000000c0000000, 0x00000000c2b00000, 0x00000000eab00000)
  object space 44032K, 96% used [0x00000000c0000000,0x00000000c297fe98,0x00000000c2b00000)
 Metaspace       used 6048K, capacity 7152K, committed 7296K, reserved 1056768K
  class space    used 563K, capacity 616K, committed 640K, reserved 1048576K
Event: 52.259 GC heap after
Heap after GC invocations=8 (full 1):
 PSYoungGen      total 147456K, used 4484K [0x00000000eab00000, 0x00000000f4d00000, 0x0000000100000000)
  eden space 130048K, 0% used [0x00000000eab00000,0x00000000eab00000,0x00000000f2a00000)
  from space 17408K, 25% used [0x00000000f2a00000,0x00000000f2e61030,0x00000000f3b00000)
  to   space 16384K, 0% used [0x00000000f3b00000,0x00000000f3b00000,0x00000000f4b00000)
 ParOldGen       total 89088K, used 43927K [0x00000000c0000000, 0x00000000c5700000, 0x00000000eab00000)
  object space 89088K, 49% used [0x00000000c0000000,0x00000000c2ae5e90,0x00000000c5700000)
 Metaspace       used 6048K, capacity 7152K, committed 7296K, reserved 1056768K
  class space    used 563K, capacity 616K, committed 640K, reserved 1048576K
}

Deoptimization events (10 events):
Event: 17.497 Thread 0x0000000056dd4800 Uncommon trap: reason=bimorphic action=maybe_recompile pc=0x0000000002bc49d0 method=java.util.HashMap.getNode(ILjava/lang/Object;)Ljava/util/HashMap$Node; @ 126
Event: 17.674 Thread 0x0000000056dd4800 Uncommon trap: reason=unstable_if action=reinterpret pc=0x0000000002e27e54 method=com.android.dx.util.MutabilityControl.isImmutable()Z @ 4
Event: 25.402 Thread 0x0000000056d01000 Uncommon trap: reason=unstable_if action=reinterpret pc=0x0000000002f08fe8 method=com.android.dx.cf.code.RopperMachine.run(Lcom/android/dx/cf/code/Frame;II)V @ 1148
Event: 25.417 Thread 0x0000000056dd4800 Uncommon trap: reason=bimorphic action=maybe_recompile pc=0x0000000002d80f04 method=com.android.dx.ssa.LiteralOpUpgrader.tryReplacingWithConstant(Lcom/android/dx/ssa/NormalSsaInsn;)Z @ 52
Event: 25.418 Thread 0x0000000056dd4800 Uncommon trap: reason=bimorphic action=maybe_recompile pc=0x0000000002d80f04 method=com.android.dx.ssa.LiteralOpUpgrader.tryReplacingWithConstant(Lcom/android/dx/ssa/NormalSsaInsn;)Z @ 52
Event: 25.419 Thread 0x0000000056dd4800 Uncommon trap: reason=unstable_if action=reinterpret pc=0x0000000002fc7b14 method=com.android.dx.dex.code.RopToDop.dopFor(Lcom/android/dx/rop/code/Insn;)Lcom/android/dx/dex/code/Dop; @ 747
Event: 25.426 Thread 0x0000000056dd4800 Uncommon trap: reason=bimorphic action=maybe_recompile pc=0x0000000002d80f04 method=com.android.dx.ssa.LiteralOpUpgrader.tryReplacingWithConstant(Lcom/android/dx/ssa/NormalSsaInsn;)Z @ 52
Event: 33.972 Thread 0x0000000056dd4800 Uncommon trap: reason=bimorphic action=maybe_recompile pc=0x0000000002f5b624 method=com.android.dx.cf.code.BytecodeArray.parseInstruction(ILcom/android/dx/cf/code/BytecodeArray$Visitor;)I @ 1327
Event: 33.972 Thread 0x0000000056dd4800 Uncommon trap: reason=bimorphic action=maybe_recompile pc=0x0000000002f5b624 method=com.android.dx.cf.code.BytecodeArray.parseInstruction(ILcom/android/dx/cf/code/BytecodeArray$Visitor;)I @ 1327
Event: 53.481 Thread 0x0000000056d01000 Uncommon trap: reason=bimorphic action=maybe_recompile pc=0x0000000002d80f04 method=com.android.dx.ssa.LiteralOpUpgrader.tryReplacingWithConstant(Lcom/android/dx/ssa/NormalSsaInsn;)Z @ 52

Internal exceptions (4 events):
Event: 0.271 Thread 0x000000000244e000 Exception <a 'java/lang/NoSuchMethodError': Method sun.misc.Unsafe.defineClass(Ljava/lang/String;[BII)Ljava/lang/Class; name or signature does not match> (0x00000000eab07cc0) thrown at [C:\src\android\AOSP-openjdk\external\jetbrains\jdk\hotspot\src\share\v·Å™WÑ?
Event: 0.271 Thread 0x000000000244e000 Exception <a 'java/lang/NoSuchMethodError': Method sun.misc.Unsafe.prefetchRead(Ljava/lang/Object;J)V name or signature does not match> (0x00000000eab07fa8) thrown at [C:\src\android\AOSP-openjdk\external\jetbrains\jdk\hotspot\src\share\vm\prims\jni.cpp, l-ÑÝ	ƒ'@
Event: 7.539 Thread 0x0000000056d7c000 Implicit null exception at 0x0000000002baa852 to 0x0000000002baa942
Event: 9.863 Thread 0x000000000244e000 Implicit null exception at 0x0000000002d01475 to 0x0000000002d01ff1

Events (10 events):
Event: 53.487 Thread 0x00000000552ef800 flushing nmethod 0x0000000002d01090
Event: 53.487 Thread 0x00000000552ef800 flushing nmethod 0x0000000002d0d710
Event: 53.487 Thread 0x00000000552ef800 flushing nmethod 0x0000000002d0e150
Event: 53.487 Thread 0x00000000552ef800 flushing nmethod 0x0000000002d2d850
Event: 53.543 Thread 0x0000000056bdd800 flushing nmethod 0x0000000002d3fcd0
Event: 53.543 Thread 0x0000000056bdd800 flushing nmethod 0x0000000002d52510
Event: 53.543 Thread 0x0000000056bdd800 flushing nmethod 0x0000000002d54290
Event: 53.543 Thread 0x0000000056bdd800 flushing nmethod 0x0000000002d5a8d0
Event: 53.543 Thread 0x0000000056bdd800 flushing nmethod 0x0000000002d69050
Event: 53.547 Thread 0x00000000552ef800 flushing nmethod 0x0000000002dcf150


Dynamic libraries:
0x000000013ff60000 - 0x000000013ff91000 	C:\Program Files\Android\Android Studio\jre\bin\java.exe
0x0000000077bd0000 - 0x0000000077d79000 	C:\Windows\SYSTEM32\ntdll.dll
0x00000000779b0000 - 0x0000000077acf000 	C:\Windows\system32\kernel32.dll
0x000007fefdbd0000 - 0x000007fefdc3b000 	C:\Windows\system32\KERNELBASE.dll
0x000007feff380000 - 0x000007feff45b000 	C:\Windows\system32\ADVAPI32.dll
0x000007feff820000 - 0x000007feff8bf000 	C:\Windows\system32\msvcrt.dll
0x000007fefdf10000 - 0x000007fefdf2f000 	C:\Windows\SYSTEM32\sechost.dll
0x000007feff4d0000 - 0x000007feff5fd000 	C:\Windows\system32\RPCRT4.dll
0x0000000077ad0000 - 0x0000000077bca000 	C:\Windows\system32\USER32.dll
0x000007feff460000 - 0x000007feff4c7000 	C:\Windows\system32\GDI32.dll
0x000007feff8c0000 - 0x000007feff8ce000 	C:\Windows\system32\LPK.dll
0x000007fefeec0000 - 0x000007fefef89000 	C:\Windows\system32\USP10.dll
0x000007fefc790000 - 0x000007fefc984000 	C:\Windows\WinSxS\amd64_microsoft.windows.common-controls_6595b64144ccf1df_6.0.7601.17514_none_fa396087175ac9ac\COMCTL32.dll
0x000007fefee40000 - 0x000007fefeeb1000 	C:\Windows\system32\SHLWAPI.dll
0x000007fefef90000 - 0x000007fefefbe000 	C:\Windows\system32\IMM32.DLL
0x000007feff1d0000 - 0x000007feff2d9000 	C:\Windows\system32\MSCTF.dll
0x000000006ff20000 - 0x000000006fff2000 	C:\Program Files\Android\Android Studio\jre\jre\bin\msvcr100.dll
0x000000006b430000 - 0x000000006bc64000 	C:\Program Files\Android\Android Studio\jre\jre\bin\server\jvm.dll
0x000007fef9ca0000 - 0x000007fef9ca9000 	C:\Windows\system32\WSOCK32.dll
0x000007feffe10000 - 0x000007feffe5d000 	C:\Windows\system32\WS2_32.dll
0x000007feff810000 - 0x000007feff818000 	C:\Windows\system32\NSI.dll
0x000007fefb9f0000 - 0x000007fefba2b000 	C:\Windows\system32\WINMM.dll
0x000007fefcc80000 - 0x000007fefcc8c000 	C:\Windows\system32\VERSION.dll
0x0000000077d90000 - 0x0000000077d97000 	C:\Windows\system32\PSAPI.DLL
0x000007fefc760000 - 0x000007fefc76f000 	C:\Program Files\Android\Android Studio\jre\jre\bin\verify.dll
0x000007fefb480000 - 0x000007fefb4a9000 	C:\Program Files\Android\Android Studio\jre\jre\bin\java.dll
0x000007fefb5a0000 - 0x000007fefb5b6000 	C:\Program Files\Android\Android Studio\jre\jre\bin\zip.dll
0x000007fefe0b0000 - 0x000007fefee38000 	C:\Windows\system32\SHELL32.dll
0x000007fefefc0000 - 0x000007feff1c3000 	C:\Windows\system32\ole32.dll
0x000007fefdb20000 - 0x000007fefdb2f000 	C:\Windows\system32\profapi.dll

VM Arguments:
jvm_args: -Djava.awt.headless=true -Xmx1024M -Dfile.encoding=windows-1252 -Duser.country=US -Duser.language=en -Duser.variant 
java_command: com.android.dx.command.Main --dex --force-jumbo --num-threads=4 --multi-dex --output C:\StudioProjects\BrightGasSE\app\build\intermediates\transforms\dex\debug\folders\1000\5\slice_9 C:\StudioProjects\BrightGasSE\app\build\intermediates\transforms\instantRunSlicer\debug\folders\1\5\slice_9
java_class_path (initial): C:\Users\RIDWAN\AppData\Local\Android\sdk\build-tools\23.0.2\lib\dx.jar
Launcher Type: SUN_STANDARD

Environment Variables:
PATH=C:\Windows\system32;C:\Windows;C:\Windows\System32\Wbem;C:\Windows\System32\WindowsPowerShell\v1.0\;C:\Program Files (x86)\Intel\OpenCL SDK\2.0\bin\x86;C:\Program Files (x86)\Intel\OpenCL SDK\2.0\bin\x64;C:\Users\RIDWAN\Downloads\Putty;C:\Program Files\xampp\php;C:\ProgramData\ComposerSetup\bin;C:\Program Files\xampp\php\ext;C:\Program Files\TortoiseSVN\bin;C:\phalcon-devtools;C:\Program Files\Git\cmd;C:\Program Files\cURL\bin
USERNAME=RIDWAN
OS=Windows_NT
PROCESSOR_IDENTIFIER=Intel64 Family 6 Model 42 Stepping 7, GenuineIntel



---------------  S Y S T E M  ---------------

OS: Windows 7 , 64 bit Build 7601 (6.1.7601.17514)

CPU:total 4 (2 cores per cpu, 2 threads per core) family 6 model 42 stepping 7, cmov, cx8, fxsr, mmx, sse, sse2, sse3, ssse3, sse4.1, sse4.2, popcnt, avx, aes, clmul, ht, tsc, tscinvbit

Memory: 4k page, physical 4102896k(552724k free), swap 4901572k(5092k free)

vm_info: OpenJDK 64-Bit Server VM (25.76-b03) for windows-amd64 JRE (1.8.0_76-release-b03), built on Jun 29 2016 19:09:20 by "ralucas" with MS VC++ 10.0 (VS2010)

time: Thu Dec 15 19:41:56 2016
elapsed time: 53 seconds (0d 0h 0m 53s)

