#
# There is insufficient memory for the Java Runtime Environment to continue.
# Native memory allocation (malloc) failed to allocate 65552 bytes for Chunk::new
# Possible reasons:
#   The system is out of physical RAM or swap space
#   In 32 bit mode, the process size limit was hit
# Possible solutions:
#   Reduce memory load on the system
#   Increase physical memory or swap space
#   Check if swap backing store is full
#   Use 64 bit Java on a 64 bit OS
#   Decrease Java heap size (-Xmx/-Xms)
#   Decrease number of Java threads
#   Decrease Java thread stack sizes (-Xss)
#   Set larger code cache with -XX:ReservedCodeCacheSize=
# This output file may be truncated or incomplete.
#
#  Out of Memory Error (allocation.cpp:390), pid=1052, tid=0x0000000000003a64
#
# JRE version: OpenJDK Runtime Environment (8.0_76-b03) (build 1.8.0_76-release-b03)
# Java VM: OpenJDK 64-Bit Server VM (25.76-b03 mixed mode windows-amd64 compressed oops)
# Failed to write core dump. Minidumps are not enabled by default on client versions of Windows
#

---------------  T H R E A D  ---------------

Current thread (0x0000000055079800):  JavaThread "C2 CompilerThread1" daemon [_thread_in_native, id=14948, stack(0x0000000056b20000,0x0000000056c20000)]

Stack: [0x0000000056b20000,0x0000000056c20000]
[error occurred during error reporting (printing stack bounds), id 0xc0000005]

Native frames: (J=compiled Java code, j=interpreted, Vv=VM code, C=native code)


Current CompileTask:
C2:  36506 1517   !   4       com.android.dx.cf.code.Ropper::processBlock (1101 bytes)


---------------  P R O C E S S  ---------------

Java Threads: ( => current thread )
  0x00000000570be800 JavaThread "pool-2-thread-4" [_thread_blocked, id=12052, stack(0x00000000579b0000,0x0000000057ab0000)]
  0x00000000570a0800 JavaThread "pool-2-thread-3" [_thread_blocked, id=14660, stack(0x00000000577e0000,0x00000000578e0000)]
  0x00000000570a0000 JavaThread "pool-2-thread-2" [_thread_blocked, id=14148, stack(0x00000000576e0000,0x00000000577e0000)]
  0x0000000057044000 JavaThread "pool-3-thread-1" [_thread_blocked, id=2216, stack(0x0000000057590000,0x0000000057690000)]
  0x0000000057043800 JavaThread "pool-2-thread-1" [_thread_blocked, id=15344, stack(0x0000000057370000,0x0000000057470000)]
  0x0000000056e3d000 JavaThread "Service Thread" daemon [_thread_blocked, id=14860, stack(0x0000000057270000,0x0000000057370000)]
  0x000000005507b000 JavaThread "C1 CompilerThread2" daemon [_thread_blocked, id=11688, stack(0x0000000056cd0000,0x0000000056dd0000)]
=>0x0000000055079800 JavaThread "C2 CompilerThread1" daemon [_thread_in_native, id=14948, stack(0x0000000056b20000,0x0000000056c20000)]
  0x0000000055074000 JavaThread "C2 CompilerThread0" daemon [_thread_blocked, id=12700, stack(0x00000000569f0000,0x0000000056af0000)]
  0x0000000055070800 JavaThread "Attach Listener" daemon [_thread_blocked, id=13328, stack(0x0000000056800000,0x0000000056900000)]
  0x000000005506f000 JavaThread "Signal Dispatcher" daemon [_thread_blocked, id=12788, stack(0x00000000566e0000,0x00000000567e0000)]
  0x0000000055057000 JavaThread "Finalizer" daemon [_thread_blocked, id=12192, stack(0x0000000056350000,0x0000000056450000)]
  0x0000000055010000 JavaThread "Reference Handler" daemon [_thread_blocked, id=12292, stack(0x0000000056120000,0x0000000056220000)]
  0x000000000230e000 JavaThread "main" [_thread_blocked, id=14828, stack(0x0000000002560000,0x0000000002660000)]

Other Threads:
  0x0000000055008000 VMThread [stack: 0x0000000056240000,0x0000000056340000] [id=12456]
  0x0000000056e45800 WatcherThread [stack: 0x0000000056530000,0x0000000056630000] [id=14356]

VM state:not at safepoint (normal execution)

VM Mutex/Monitor currently owned by a thread: None

Heap:
 PSYoungGen      total 18944K, used 6705K [0x00000000eab00000, 0x00000000ed000000, 0x0000000100000000)
  eden space 16384K, 25% used [0x00000000eab00000,0x00000000eaf146f0,0x00000000ebb00000)
  from space 2560K, 98% used [0x00000000ebb00000,0x00000000ebd78020,0x00000000ebd80000)
  to   space 2560K, 0% used [0x00000000ecd80000,0x00000000ecd80000,0x00000000ed000000)
 ParOldGen       total 44032K, used 6167K [0x00000000c0000000, 0x00000000c2b00000, 0x00000000eab00000)
  object space 44032K, 14% used [0x00000000c0000000,0x00000000c0605ea8,0x00000000c2b00000)
 Metaspace       used 6076K, capacity 7024K, committed 7296K, reserved 1056768K
  class space    used 575K, capacity 616K, committed 640K, reserved 1048576K

Card table byte_map: [0x0000000011cf0000,0x0000000011f00000] byte_map_base: 0x00000000116f0000

Marking Bits: (ParMarkBitMap*) 0x000000006bbe9d00
 Begin Bits: [0x0000000012480000, 0x0000000013480000)
 End Bits:   [0x0000000013480000, 0x0000000014480000)

Polling page: 0x0000000000330000

CodeCache: size=245760Kb used=6316Kb max_used=6333Kb free=239443Kb
 bounds [0x0000000002930000, 0x0000000002f70000, 0x0000000011930000]
 total_blobs=1771 nmethods=1503 adapters=181
 compilation: enabled

Compilation events (10 events):
Event: 35.361 Thread 0x0000000055079800 1513       4       com.android.dx.ssa.back.SsaToRop$1::visitBlock (97 bytes)
Event: 35.372 Thread 0x0000000055074000 nmethod 1512 0x0000000002f48290 code [0x0000000002f483e0, 0x0000000002f48608]
Event: 35.385 Thread 0x0000000055074000 1514       4       com.android.dx.rop.code.PlainCstInsn::accept (8 bytes)
Event: 35.386 Thread 0x0000000055074000 nmethod 1514 0x0000000002e74090 code [0x0000000002e741c0, 0x0000000002e74238]
Event: 35.388 Thread 0x0000000055074000 1515       4       com.android.dx.ssa.PhiInsn::getSources (95 bytes)
Event: 35.421 Thread 0x0000000055074000 nmethod 1515 0x0000000002f3ba50 code [0x0000000002f3bbc0, 0x0000000002f3bfb8]
Event: 35.422 Thread 0x0000000055074000 1516       4       com.android.dx.dex.code.RopTranslator$LocalVariableAwareTranslationVisitor::visitPlainInsn (11 bytes)
Event: 35.511 Thread 0x0000000055079800 nmethod 1513 0x0000000002f60750 code [0x0000000002f60960, 0x0000000002f618e8]
Event: 35.512 Thread 0x0000000055079800 1517   !   4       com.android.dx.cf.code.Ropper::processBlock (1101 bytes)
Event: 35.630 Thread 0x0000000055074000 nmethod 1516 0x0000000002f62f10 code [0x0000000002f63180, 0x0000000002f64ad0]

GC Heap History (6 events):
Event: 5.913 GC heap before
{Heap before GC invocations=1 (full 0):
 PSYoungGen      total 18944K, used 16384K [0x00000000eab00000, 0x00000000ec000000, 0x0000000100000000)
  eden space 16384K, 100% used [0x00000000eab00000,0x00000000ebb00000,0x00000000ebb00000)
  from space 2560K, 0% used [0x00000000ebd80000,0x00000000ebd80000,0x00000000ec000000)
  to   space 2560K, 0% used [0x00000000ebb00000,0x00000000ebb00000,0x00000000ebd80000)
 ParOldGen       total 44032K, used 0K [0x00000000c0000000, 0x00000000c2b00000, 0x00000000eab00000)
  object space 44032K, 0% used [0x00000000c0000000,0x00000000c0000000,0x00000000c2b00000)
 Metaspace       used 5758K, capacity 6768K, committed 7040K, reserved 1056768K
  class space    used 572K, capacity 616K, committed 640K, reserved 1048576K
Event: 5.955 GC heap after
Heap after GC invocations=1 (full 0):
 PSYoungGen      total 18944K, used 2554K [0x00000000eab00000, 0x00000000ec000000, 0x0000000100000000)
  eden space 16384K, 0% used [0x00000000eab00000,0x00000000eab00000,0x00000000ebb00000)
  from space 2560K, 99% used [0x00000000ebb00000,0x00000000ebd7ea98,0x00000000ebd80000)
  to   space 2560K, 0% used [0x00000000ebd80000,0x00000000ebd80000,0x00000000ec000000)
 ParOldGen       total 44032K, used 1612K [0x00000000c0000000, 0x00000000c2b00000, 0x00000000eab00000)
  object space 44032K, 3% used [0x00000000c0000000,0x00000000c0193028,0x00000000c2b00000)
 Metaspace       used 5758K, capacity 6768K, committed 7040K, reserved 1056768K
  class space    used 572K, capacity 616K, committed 640K, reserved 1048576K
}
Event: 13.249 GC heap before
{Heap before GC invocations=2 (full 0):
 PSYoungGen      total 18944K, used 18938K [0x00000000eab00000, 0x00000000ec000000, 0x0000000100000000)
  eden space 16384K, 100% used [0x00000000eab00000,0x00000000ebb00000,0x00000000ebb00000)
  from space 2560K, 99% used [0x00000000ebb00000,0x00000000ebd7ea98,0x00000000ebd80000)
  to   space 2560K, 0% used [0x00000000ebd80000,0x00000000ebd80000,0x00000000ec000000)
 ParOldGen       total 44032K, used 1612K [0x00000000c0000000, 0x00000000c2b00000, 0x00000000eab00000)
  object space 44032K, 3% used [0x00000000c0000000,0x00000000c0193028,0x00000000c2b00000)
 Metaspace       used 5995K, capacity 6960K, committed 7040K, reserved 1056768K
  class space    used 575K, capacity 616K, committed 640K, reserved 1048576K
Event: 15.880 GC heap after
Heap after GC invocations=2 (full 0):
 PSYoungGen      total 18944K, used 2554K [0x00000000eab00000, 0x00000000ed000000, 0x0000000100000000)
  eden space 16384K, 0% used [0x00000000eab00000,0x00000000eab00000,0x00000000ebb00000)
  from space 2560K, 99% used [0x00000000ebd80000,0x00000000ebffead8,0x00000000ec000000)
  to   space 2560K, 0% used [0x00000000ebb00000,0x00000000ebb00000,0x00000000ebd80000)
 ParOldGen       total 44032K, used 3768K [0x00000000c0000000, 0x00000000c2b00000, 0x00000000eab00000)
  object space 44032K, 8% used [0x00000000c0000000,0x00000000c03ae288,0x00000000c2b00000)
 Metaspace       used 5995K, capacity 6960K, committed 7040K, reserved 1056768K
  class space    used 575K, capacity 616K, committed 640K, reserved 1048576K
}
Event: 26.617 GC heap before
{Heap before GC invocations=3 (full 0):
 PSYoungGen      total 18944K, used 18938K [0x00000000eab00000, 0x00000000ed000000, 0x0000000100000000)
  eden space 16384K, 100% used [0x00000000eab00000,0x00000000ebb00000,0x00000000ebb00000)
  from space 2560K, 99% used [0x00000000ebd80000,0x00000000ebffead8,0x00000000ec000000)
  to   space 2560K, 0% used [0x00000000ebb00000,0x00000000ebb00000,0x00000000ebd80000)
 ParOldGen       total 44032K, used 3768K [0x00000000c0000000, 0x00000000c2b00000, 0x00000000eab00000)
  object space 44032K, 8% used [0x00000000c0000000,0x00000000c03ae288,0x00000000c2b00000)
 Metaspace       used 6067K, capacity 7024K, committed 7296K, reserved 1056768K
  class space    used 575K, capacity 616K, committed 640K, reserved 1048576K
Event: 33.209 GC heap after
Heap after GC invocations=3 (full 0):
 PSYoungGen      total 18944K, used 2528K [0x00000000eab00000, 0x00000000ed000000, 0x0000000100000000)
  eden space 16384K, 0% used [0x00000000eab00000,0x00000000eab00000,0x00000000ebb00000)
  from space 2560K, 98% used [0x00000000ebb00000,0x00000000ebd78020,0x00000000ebd80000)
  to   space 2560K, 0% used [0x00000000ecd80000,0x00000000ecd80000,0x00000000ed000000)
 ParOldGen       total 44032K, used 6167K [0x00000000c0000000, 0x00000000c2b00000, 0x00000000eab00000)
  object space 44032K, 14% used [0x00000000c0000000,0x00000000c0605ea8,0x00000000c2b00000)
 Metaspace       used 6067K, capacity 7024K, committed 7296K, reserved 1056768K
  class space    used 575K, capacity 616K, committed 640K, reserved 1048576K
}

Deoptimization events (10 events):
Event: 6.089 Thread 0x00000000570a0000 Uncommon trap: reason=bimorphic action=maybe_recompile pc=0x0000000002b3fa2c method=java.util.HashMap.getNode(ILjava/lang/Object;)Ljava/util/HashMap$Node; @ 126
Event: 6.119 Thread 0x00000000570a0000 Uncommon trap: reason=bimorphic action=maybe_recompile pc=0x0000000002b3fa2c method=java.util.HashMap.getNode(ILjava/lang/Object;)Ljava/util/HashMap$Node; @ 126
Event: 6.678 Thread 0x00000000570a0800 Uncommon trap: reason=bimorphic action=maybe_recompile pc=0x0000000002b3fa2c method=java.util.HashMap.getNode(ILjava/lang/Object;)Ljava/util/HashMap$Node; @ 126
Event: 7.378 Thread 0x00000000570a0000 Uncommon trap: reason=unstable_if action=reinterpret pc=0x0000000002d145cc method=com.android.dx.ssa.SsaMethod.updateOneDefinition(Lcom/android/dx/ssa/SsaInsn;Lcom/android/dx/rop/code/RegisterSpec;)V @ 4
Event: 10.320 Thread 0x00000000570a0000 Uncommon trap: reason=unstable_if action=reinterpret pc=0x0000000002e02910 method=com.android.dx.ssa.SCCP.simulateStmt(Lcom/android/dx/ssa/SsaInsn;)V @ 53
Event: 12.937 Thread 0x00000000570a0000 Uncommon trap: reason=unstable_if action=reinterpret pc=0x0000000002d2e8e8 method=com.android.dx.cf.code.Ropper.labelToResultIndex(I)I @ 34
Event: 23.070 Thread 0x00000000570a0000 Uncommon trap: reason=unstable_if action=reinterpret pc=0x0000000002df7dc0 method=com.android.dx.util.LabeledList.set(ILcom/android/dx/util/LabeledItem;)V @ 16
Event: 23.070 Thread 0x00000000570a0000 Uncommon trap: reason=unstable_if action=reinterpret pc=0x0000000002d54a80 method=com.android.dx.util.LabeledList.set(ILcom/android/dx/util/LabeledItem;)V @ 16
Event: 33.994 Thread 0x00000000570a0800 Uncommon trap: reason=null_check action=make_not_entrant pc=0x0000000002cdf910 method=com.android.dx.rop.type.Type.equals(Ljava/lang/Object;)Z @ 8
Event: 34.014 Thread 0x00000000570be800 Uncommon trap: reason=unstable_if action=reinterpret pc=0x0000000002d202ac method=com.android.dx.util.IntList.binarysearch(I)I @ 105

Internal exceptions (3 events):
Event: 0.457 Thread 0x000000000230e000 Exception <a 'java/lang/NoSuchMethodError': Method sun.misc.Unsafe.defineClass(Ljava/lang/String;[BII)Ljava/lang/Class; name or signature does not match> (0x00000000eab07cc0) thrown at [C:\src\android\AOSP-openjdk\external\jetbrains\jdk\hotspot\src\share\vZ çùHÝ?
Event: 0.458 Thread 0x000000000230e000 Exception <a 'java/lang/NoSuchMethodError': Method sun.misc.Unsafe.prefetchRead(Ljava/lang/Object;J)V name or signature does not match> (0x00000000eab07fa8) thrown at [C:\src\android\AOSP-openjdk\external\jetbrains\jdk\hotspot\src\share\vm\prims\jni.cpp, lÉ†BÑ0ÿ@@
Event: 33.994 Thread 0x00000000570a0800 Implicit null exception at 0x0000000002cdf812 to 0x0000000002cdf902

Events (10 events):
Event: 23.070 Thread 0x00000000570a0000 DEOPT PACKING pc=0x0000000002d54a80 sp=0x00000000577de4f0
Event: 23.070 Thread 0x00000000570a0000 DEOPT UNPACKING pc=0x000000000297556a sp=0x00000000577de4f0 mode 2
Event: 26.617 Executing VM operation: ParallelGCFailedAllocation
Event: 33.209 Executing VM operation: ParallelGCFailedAllocation done
Event: 33.994 Thread 0x00000000570a0800 Uncommon trap: trap_request=0xfffffff4 fr.pc=0x0000000002cdf910
Event: 33.994 Thread 0x00000000570a0800 DEOPT PACKING pc=0x0000000002cdf910 sp=0x00000000578de3e0
Event: 33.994 Thread 0x00000000570a0800 DEOPT UNPACKING pc=0x000000000297556a sp=0x00000000578de368 mode 2
Event: 34.014 Thread 0x00000000570be800 Uncommon trap: trap_request=0xffffff65 fr.pc=0x0000000002d202ac
Event: 34.014 Thread 0x00000000570be800 DEOPT PACKING pc=0x0000000002d202ac sp=0x0000000057aae470
Event: 34.014 Thread 0x00000000570be800 DEOPT UNPACKING pc=0x000000000297556a sp=0x0000000057aae3e8 mode 2


Dynamic libraries:
0x000000013ff60000 - 0x000000013ff91000 	C:\Program Files\Android\Android Studio\jre\bin\java.exe
0x0000000077bd0000 - 0x0000000077d79000 	C:\Windows\SYSTEM32\ntdll.dll
0x00000000779b0000 - 0x0000000077acf000 	C:\Windows\system32\kernel32.dll
0x000007fefdbd0000 - 0x000007fefdc3b000 	C:\Windows\system32\KERNELBASE.dll
0x000007feff380000 - 0x000007feff45b000 	C:\Windows\system32\ADVAPI32.dll
0x000007feff820000 - 0x000007feff8bf000 	C:\Windows\system32\msvcrt.dll
0x000007fefdf10000 - 0x000007fefdf2f000 	C:\Windows\SYSTEM32\sechost.dll
0x000007feff4d0000 - 0x000007feff5fd000 	C:\Windows\system32\RPCRT4.dll
0x0000000077ad0000 - 0x0000000077bca000 	C:\Windows\system32\USER32.dll
0x000007feff460000 - 0x000007feff4c7000 	C:\Windows\system32\GDI32.dll
0x000007feff8c0000 - 0x000007feff8ce000 	C:\Windows\system32\LPK.dll
0x000007fefeec0000 - 0x000007fefef89000 	C:\Windows\system32\USP10.dll
0x000007fefc790000 - 0x000007fefc984000 	C:\Windows\WinSxS\amd64_microsoft.windows.common-controls_6595b64144ccf1df_6.0.7601.17514_none_fa396087175ac9ac\COMCTL32.dll
0x000007fefee40000 - 0x000007fefeeb1000 	C:\Windows\system32\SHLWAPI.dll
0x000007fefef90000 - 0x000007fefefbe000 	C:\Windows\system32\IMM32.DLL
0x000007feff1d0000 - 0x000007feff2d9000 	C:\Windows\system32\MSCTF.dll
0x000000006ff20000 - 0x000000006fff2000 	C:\Program Files\Android\Android Studio\jre\jre\bin\msvcr100.dll
0x000000006b430000 - 0x000000006bc64000 	C:\Program Files\Android\Android Studio\jre\jre\bin\server\jvm.dll
0x000007fef9ca0000 - 0x000007fef9ca9000 	C:\Windows\system32\WSOCK32.dll
0x000007feffe10000 - 0x000007feffe5d000 	C:\Windows\system32\WS2_32.dll
0x000007feff810000 - 0x000007feff818000 	C:\Windows\system32\NSI.dll
0x000007fefb9f0000 - 0x000007fefba2b000 	C:\Windows\system32\WINMM.dll
0x000007fefcc80000 - 0x000007fefcc8c000 	C:\Windows\system32\VERSION.dll
0x0000000077d90000 - 0x0000000077d97000 	C:\Windows\system32\PSAPI.DLL
0x000007fefc760000 - 0x000007fefc76f000 	C:\Program Files\Android\Android Studio\jre\jre\bin\verify.dll
0x000007fefb480000 - 0x000007fefb4a9000 	C:\Program Files\Android\Android Studio\jre\jre\bin\java.dll
0x000007fefb5a0000 - 0x000007fefb5b6000 	C:\Program Files\Android\Android Studio\jre\jre\bin\zip.dll
0x000007fefe0b0000 - 0x000007fefee38000 	C:\Windows\system32\SHELL32.dll
0x000007fefefc0000 - 0x000007feff1c3000 	C:\Windows\system32\ole32.dll
0x000007fefdb20000 - 0x000007fefdb2f000 	C:\Windows\system32\profapi.dll

VM Arguments:
jvm_args: -Djava.awt.headless=true -Xmx1024M -Dfile.encoding=windows-1252 -Duser.country=US -Duser.language=en -Duser.variant 
java_command: com.android.dx.command.Main --dex --force-jumbo --num-threads=4 --multi-dex --output C:\StudioProjects\BrightGasSE\app\build\intermediates\transforms\dex\debug\folders\1000\10\com.google.android.gms-play-services-location-9.2.0_aca71055aefb749a476940d8fffb6e2eca7ba510 C:\StudioProjects\BrightGasSE\app\build\intermediates\exploded-aar\com.google.android.gms\play-services-location\9.2.0\jars\classes.jar
java_class_path (initial): C:\Users\RIDWAN\AppData\Local\Android\sdk\build-tools\23.0.2\lib\dx.jar
Launcher Type: SUN_STANDARD

Environment Variables:
PATH=C:\Windows\system32;C:\Windows;C:\Windows\System32\Wbem;C:\Windows\System32\WindowsPowerShell\v1.0\;C:\Program Files (x86)\Intel\OpenCL SDK\2.0\bin\x86;C:\Program Files (x86)\Intel\OpenCL SDK\2.0\bin\x64;C:\Users\RIDWAN\Downloads\Putty;C:\Program Files\xampp\php;C:\ProgramData\ComposerSetup\bin;C:\Program Files\xampp\php\ext;C:\Program Files\TortoiseSVN\bin;C:\phalcon-devtools;C:\Program Files\Git\cmd;C:\Program Files\cURL\bin
USERNAME=RIDWAN
OS=Windows_NT
PROCESSOR_IDENTIFIER=Intel64 Family 6 Model 42 Stepping 7, GenuineIntel



---------------  S Y S T E M  ---------------

OS: Windows 7 , 64 bit Build 7601 (6.1.7601.17514)

CPU:total 4 (2 cores per cpu, 2 threads per core) family 6 model 42 stepping 7, cmov, cx8, fxsr, mmx, sse, sse2, sse3, ssse3, sse4.1, sse4.2, popcnt, avx, aes, clmul, ht, tsc, tscinvbit

Memory: 4k page, physical 4102896k(552300k free), swap 4901572k(5068k free)

vm_info: OpenJDK 64-Bit Server VM (25.76-b03) for windows-amd64 JRE (1.8.0_76-release-b03), built on Jun 29 2016 19:09:20 by "ralucas" with MS VC++ 10.0 (VS2010)

time: Thu Dec 15 19:41:56 2016
elapsed time: 36 seconds (0d 0h 0m 36s)

