#
# There is insufficient memory for the Java Runtime Environment to continue.
# Native memory allocation (malloc) failed to allocate 1219856 bytes for Chunk::new
# Possible reasons:
#   The system is out of physical RAM or swap space
#   In 32 bit mode, the process size limit was hit
# Possible solutions:
#   Reduce memory load on the system
#   Increase physical memory or swap space
#   Check if swap backing store is full
#   Use 64 bit Java on a 64 bit OS
#   Decrease Java heap size (-Xmx/-Xms)
#   Decrease number of Java threads
#   Decrease Java thread stack sizes (-Xss)
#   Set larger code cache with -XX:ReservedCodeCacheSize=
# This output file may be truncated or incomplete.
#
#  Out of Memory Error (allocation.cpp:390), pid=13112, tid=0x00000000000038cc
#
# JRE version: OpenJDK Runtime Environment (8.0_76-b03) (build 1.8.0_76-release-b03)
# Java VM: OpenJDK 64-Bit Server VM (25.76-b03 mixed mode windows-amd64 compressed oops)
# Failed to write core dump. Minidumps are not enabled by default on client versions of Windows
#

---------------  T H R E A D  ---------------

Current thread (0x000000005510e800):  JavaThread "C2 CompilerThread1" daemon [_thread_in_native, id=14540, stack(0x0000000056bb0000,0x0000000056cb0000)]

Stack: [0x0000000056bb0000,0x0000000056cb0000]
[error occurred during error reporting (printing stack bounds), id 0xc0000005]

Native frames: (J=compiled Java code, j=interpreted, Vv=VM code, C=native code)


Current CompileTask:
C2:  17239 1618   !   4       com.android.dx.cf.code.BytecodeArray::parseInstruction (2764 bytes)


---------------  P R O C E S S  ---------------

Java Threads: ( => current thread )
  0x000000005714b800 JavaThread "pool-2-thread-4" [_thread_blocked, id=11084, stack(0x0000000057970000,0x0000000057a70000)]
  0x0000000057141800 JavaThread "pool-2-thread-3" [_thread_blocked, id=14524, stack(0x00000000577b0000,0x00000000578b0000)]
  0x000000005713f000 JavaThread "pool-2-thread-2" [_thread_blocked, id=10952, stack(0x0000000057450000,0x0000000057550000)]
  0x000000005713e000 JavaThread "pool-3-thread-1" [_thread_blocked, id=13596, stack(0x0000000057580000,0x0000000057680000)]
  0x0000000057190000 JavaThread "pool-2-thread-1" [_thread_blocked, id=13736, stack(0x0000000056cb0000,0x0000000056db0000)]
  0x0000000055112000 JavaThread "Service Thread" daemon [_thread_blocked, id=14476, stack(0x0000000057330000,0x0000000057430000)]
  0x000000005510f800 JavaThread "C1 CompilerThread2" daemon [_thread_blocked, id=11012, stack(0x0000000056df0000,0x0000000056ef0000)]
=>0x000000005510e800 JavaThread "C2 CompilerThread1" daemon [_thread_in_native, id=14540, stack(0x0000000056bb0000,0x0000000056cb0000)]
  0x000000005510a000 JavaThread "C2 CompilerThread0" daemon [_thread_blocked, id=10656, stack(0x0000000056950000,0x0000000056a50000)]
  0x000000005511e800 JavaThread "Attach Listener" daemon [_thread_blocked, id=14608, stack(0x0000000056780000,0x0000000056880000)]
  0x000000005511a800 JavaThread "Signal Dispatcher" daemon [_thread_blocked, id=9516, stack(0x0000000056670000,0x0000000056770000)]
  0x00000000550f6800 JavaThread "Finalizer" daemon [_thread_blocked, id=14892, stack(0x0000000056510000,0x0000000056610000)]
  0x00000000550af800 JavaThread "Reference Handler" daemon [_thread_blocked, id=6396, stack(0x0000000056330000,0x0000000056430000)]
  0x000000000016e000 JavaThread "main" [_thread_blocked, id=9836, stack(0x00000000025f0000,0x00000000026f0000)]

Other Threads:
  0x00000000550a8000 VMThread [stack: 0x00000000561b0000,0x00000000562b0000] [id=15104]
  0x0000000056ef0800 WatcherThread [stack: 0x0000000056aa0000,0x0000000056ba0000] [id=10716]

VM state:not at safepoint (normal execution)

VM Mutex/Monitor currently owned by a thread: None

Heap:
 PSYoungGen      total 35328K, used 13344K [0x00000000eab00000, 0x00000000ef000000, 0x0000000100000000)
  eden space 32768K, 33% used [0x00000000eab00000,0x00000000eb590208,0x00000000ecb00000)
  from space 2560K, 98% used [0x00000000ecb00000,0x00000000ecd78010,0x00000000ecd80000)
  to   space 2560K, 0% used [0x00000000eed80000,0x00000000eed80000,0x00000000ef000000)
 ParOldGen       total 44032K, used 8530K [0x00000000c0000000, 0x00000000c2b00000, 0x00000000eab00000)
  object space 44032K, 19% used [0x00000000c0000000,0x00000000c0854ad8,0x00000000c2b00000)
 Metaspace       used 6163K, capacity 7088K, committed 7296K, reserved 1056768K
  class space    used 575K, capacity 616K, committed 640K, reserved 1048576K

Card table byte_map: [0x0000000011d80000,0x0000000011f90000] byte_map_base: 0x0000000011780000

Marking Bits: (ParMarkBitMap*) 0x000000006bbe9d00
 Begin Bits: [0x0000000012520000, 0x0000000013520000)
 End Bits:   [0x0000000013520000, 0x0000000014520000)

Polling page: 0x0000000000130000

CodeCache: size=245760Kb used=6859Kb max_used=6876Kb free=238900Kb
 bounds [0x00000000029c0000, 0x0000000003080000, 0x00000000119c0000]
 total_blobs=1864 nmethods=1595 adapters=182
 compilation: disabled (not enough contiguous free space left)

Compilation events (10 events):
Event: 16.816 Thread 0x000000005510a000 1559       4       com.android.dx.rop.type.Type::isIntlike (56 bytes)
Event: 16.850 Thread 0x000000005510a000 nmethod 1559 0x0000000003008350 code [0x0000000003008480, 0x00000000030084f8]
Event: 16.886 Thread 0x000000005510f800 1625       3       com.android.dx.ssa.PhiTypeResolver::resolveResultType (308 bytes)
Event: 16.889 Thread 0x000000005510a000 1626       4       com.android.dx.cf.code.ExecutionStack::peek (42 bytes)
Event: 16.892 Thread 0x000000005510a000 nmethod 1626 0x0000000003065e50 code [0x0000000003065fa0, 0x0000000003066058]
Event: 16.895 Thread 0x000000005510a000 1627       4       com.android.dx.ssa.back.SsaToRop::convertInsns (53 bytes)
Event: 16.899 Thread 0x000000005510f800 nmethod 1625 0x0000000003078b10 code [0x0000000003078fa0, 0x000000000307c5b8]
Event: 16.919 Thread 0x000000005510a000 nmethod 1627 0x0000000003066e90 code [0x0000000003067000, 0x0000000003067418]
Event: 16.943 Thread 0x000000005510a000 1628       4       com.android.dx.ssa.back.SsaToRop::convertBasicBlock (126 bytes)
Event: 17.167 Thread 0x000000005510a000 


GC Heap History (6 events):
Event: 3.321 GC heap before
{Heap before GC invocations=1 (full 0):
 PSYoungGen      total 18944K, used 16384K [0x00000000eab00000, 0x00000000ec000000, 0x0000000100000000)
  eden space 16384K, 100% used [0x00000000eab00000,0x00000000ebb00000,0x00000000ebb00000)
  from space 2560K, 0% used [0x00000000ebd80000,0x00000000ebd80000,0x00000000ec000000)
  to   space 2560K, 0% used [0x00000000ebb00000,0x00000000ebb00000,0x00000000ebd80000)
 ParOldGen       total 44032K, used 0K [0x00000000c0000000, 0x00000000c2b00000, 0x00000000eab00000)
  object space 44032K, 0% used [0x00000000c0000000,0x00000000c0000000,0x00000000c2b00000)
 Metaspace       used 5706K, capacity 6704K, committed 6784K, reserved 1056768K
  class space    used 571K, capacity 616K, committed 640K, reserved 1048576K
Event: 3.477 GC heap after
Heap after GC invocations=1 (full 0):
 PSYoungGen      total 18944K, used 2544K [0x00000000eab00000, 0x00000000ed000000, 0x0000000100000000)
  eden space 16384K, 0% used [0x00000000eab00000,0x00000000eab00000,0x00000000ebb00000)
  from space 2560K, 99% used [0x00000000ebb00000,0x00000000ebd7c3b0,0x00000000ebd80000)
  to   space 2560K, 0% used [0x00000000ecd80000,0x00000000ecd80000,0x00000000ed000000)
 ParOldGen       total 44032K, used 1011K [0x00000000c0000000, 0x00000000c2b00000, 0x00000000eab00000)
  object space 44032K, 2% used [0x00000000c0000000,0x00000000c00fcf10,0x00000000c2b00000)
 Metaspace       used 5706K, capacity 6704K, committed 6784K, reserved 1056768K
  class space    used 571K, capacity 616K, committed 640K, reserved 1048576K
}
Event: 12.847 GC heap before
{Heap before GC invocations=2 (full 0):
 PSYoungGen      total 18944K, used 18928K [0x00000000eab00000, 0x00000000ed000000, 0x0000000100000000)
  eden space 16384K, 100% used [0x00000000eab00000,0x00000000ebb00000,0x00000000ebb00000)
  from space 2560K, 99% used [0x00000000ebb00000,0x00000000ebd7c3b0,0x00000000ebd80000)
  to   space 2560K, 0% used [0x00000000ecd80000,0x00000000ecd80000,0x00000000ed000000)
 ParOldGen       total 44032K, used 1011K [0x00000000c0000000, 0x00000000c2b00000, 0x00000000eab00000)
  object space 44032K, 2% used [0x00000000c0000000,0x00000000c00fcf10,0x00000000c2b00000)
 Metaspace       used 5997K, capacity 6960K, committed 7040K, reserved 1056768K
  class space    used 575K, capacity 616K, committed 640K, reserved 1048576K
Event: 13.600 GC heap after
Heap after GC invocations=2 (full 0):
 PSYoungGen      total 35328K, used 2554K [0x00000000eab00000, 0x00000000ed000000, 0x0000000100000000)
  eden space 32768K, 0% used [0x00000000eab00000,0x00000000eab00000,0x00000000ecb00000)
  from space 2560K, 99% used [0x00000000ecd80000,0x00000000ecffeaa8,0x00000000ed000000)
  to   space 2560K, 0% used [0x00000000ecb00000,0x00000000ecb00000,0x00000000ecd80000)
 ParOldGen       total 44032K, used 3112K [0x00000000c0000000, 0x00000000c2b00000, 0x00000000eab00000)
  object space 44032K, 7% used [0x00000000c0000000,0x00000000c030a0a0,0x00000000c2b00000)
 Metaspace       used 5997K, capacity 6960K, committed 7040K, reserved 1056768K
  class space    used 575K, capacity 616K, committed 640K, reserved 1048576K
}
Event: 15.360 GC heap before
{Heap before GC invocations=3 (full 0):
 PSYoungGen      total 35328K, used 35322K [0x00000000eab00000, 0x00000000ed000000, 0x0000000100000000)
  eden space 32768K, 100% used [0x00000000eab00000,0x00000000ecb00000,0x00000000ecb00000)
  from space 2560K, 99% used [0x00000000ecd80000,0x00000000ecffeaa8,0x00000000ed000000)
  to   space 2560K, 0% used [0x00000000ecb00000,0x00000000ecb00000,0x00000000ecd80000)
 ParOldGen       total 44032K, used 3112K [0x00000000c0000000, 0x00000000c2b00000, 0x00000000eab00000)
  object space 44032K, 7% used [0x00000000c0000000,0x00000000c030a0a0,0x00000000c2b00000)
 Metaspace       used 6140K, capacity 7088K, committed 7296K, reserved 1056768K
  class space    used 575K, capacity 616K, committed 640K, reserved 1048576K
Event: 15.640 GC heap after
Heap after GC invocations=3 (full 0):
 PSYoungGen      total 35328K, used 2528K [0x00000000eab00000, 0x00000000ef000000, 0x0000000100000000)
  eden space 32768K, 0% used [0x00000000eab00000,0x00000000eab00000,0x00000000ecb00000)
  from space 2560K, 98% used [0x00000000ecb00000,0x00000000ecd78010,0x00000000ecd80000)
  to   space 2560K, 0% used [0x00000000eed80000,0x00000000eed80000,0x00000000ef000000)
 ParOldGen       total 44032K, used 8530K [0x00000000c0000000, 0x00000000c2b00000, 0x00000000eab00000)
  object space 44032K, 19% used [0x00000000c0000000,0x00000000c0854ad8,0x00000000c2b00000)
 Metaspace       used 6140K, capacity 7088K, committed 7296K, reserved 1056768K
  class space    used 575K, capacity 616K, committed 640K, reserved 1048576K
}

Deoptimization events (10 events):
Event: 14.263 Thread 0x000000000016e000 Uncommon trap: reason=unstable_if action=reinterpret pc=0x0000000002fa7dcc method=com.android.dx.rop.code.RegisterSpec.intersect(Lcom/android/dx/rop/code/RegisterSpec;Z)Lcom/android/dx/rop/code/RegisterSpec; @ 8
Event: 14.284 Thread 0x0000000057141800 Uncommon trap: reason=unstable_if action=reinterpret pc=0x0000000002fa7dcc method=com.android.dx.rop.code.RegisterSpec.intersect(Lcom/android/dx/rop/code/RegisterSpec;Z)Lcom/android/dx/rop/code/RegisterSpec; @ 8
Event: 14.300 Thread 0x0000000057141800 Uncommon trap: reason=unstable_if action=reinterpret pc=0x0000000002f2b494 method=com.android.dx.ssa.SCCP.simulateBranch(Lcom/android/dx/ssa/SsaInsn;)V @ 64
Event: 14.535 Thread 0x000000000016e000 Uncommon trap: reason=bimorphic action=maybe_recompile pc=0x0000000002ecd0f4 method=com.android.dx.cf.code.BytecodeArray.parseInstruction(ILcom/android/dx/cf/code/BytecodeArray$Visitor;)I @ 1501
Event: 14.536 Thread 0x000000000016e000 Uncommon trap: reason=bimorphic action=maybe_recompile pc=0x0000000002ecd0f4 method=com.android.dx.cf.code.BytecodeArray.parseInstruction(ILcom/android/dx/cf/code/BytecodeArray$Visitor;)I @ 1501
Event: 14.555 Thread 0x000000005714b800 Uncommon trap: reason=bimorphic action=maybe_recompile pc=0x0000000002fc0b6c method=com.android.dx.ssa.LiteralOpUpgrader.tryReplacingWithConstant(Lcom/android/dx/ssa/NormalSsaInsn;)Z @ 52
Event: 14.702 Thread 0x000000005714b800 Uncommon trap: reason=bimorphic action=maybe_recompile pc=0x0000000002ea2e7c method=java.util.HashMap.putVal(ILjava/lang/Object;Ljava/lang/Object;ZZ)Ljava/lang/Object; @ 91
Event: 14.930 Thread 0x000000000016e000 Uncommon trap: reason=bimorphic action=maybe_recompile pc=0x0000000002ecd0f4 method=com.android.dx.cf.code.BytecodeArray.parseInstruction(ILcom/android/dx/cf/code/BytecodeArray$Visitor;)I @ 1501
Event: 14.931 Thread 0x000000000016e000 Uncommon trap: reason=bimorphic action=maybe_recompile pc=0x0000000002ecd0f4 method=com.android.dx.cf.code.BytecodeArray.parseInstruction(ILcom/android/dx/cf/code/BytecodeArray$Visitor;)I @ 1501
Event: 15.849 Thread 0x000000005713f000 Uncommon trap: reason=bimorphic action=maybe_recompile pc=0x0000000002efcee8 method=java.util.HashMap.putVal(ILjava/lang/Object;Ljava/lang/Object;ZZ)Ljava/lang/Object; @ 203

Internal exceptions (2 events):
Event: 0.318 Thread 0x000000000016e000 Exception <a 'java/lang/NoSuchMethodError': Method sun.misc.Unsafe.defineClass(Ljava/lang/String;[BII)Ljava/lang/Class; name or signature does not match> (0x00000000eab07cc0) thrown at [C:\src\android\AOSP-openjdk\external\jetbrains\jdk\hotspot\src\share\v•A‰L.ZÔ?
Event: 0.318 Thread 0x000000000016e000 Exception <a 'java/lang/NoSuchMethodError': Method sun.misc.Unsafe.prefetchRead(Ljava/lang/Object;J)V name or signature does not match> (0x00000000eab07fa8) thrown at [C:\src\android\AOSP-openjdk\external\jetbrains\jdk\hotspot\src\share\vm\prims\jni.cpp, l

Events (10 events):
Event: 14.931 Thread 0x000000000016e000 Uncommon trap: trap_request=0xffffffc6 fr.pc=0x0000000002ecd0f4
Event: 14.931 Thread 0x000000000016e000 DEOPT PACKING pc=0x0000000002ecd0f4 sp=0x00000000026edf70
Event: 14.931 Thread 0x000000000016e000 DEOPT UNPACKING pc=0x0000000002a0556a sp=0x00000000026edef0 mode 2
Event: 15.359 Executing VM operation: ParallelGCFailedAllocation
Event: 15.640 Executing VM operation: ParallelGCFailedAllocation done
Event: 15.762 loading class com/android/dx/cf/code/SwitchList
Event: 15.762 loading class com/android/dx/cf/code/SwitchList done
Event: 15.849 Thread 0x000000005713f000 Uncommon trap: trap_request=0xffffffc6 fr.pc=0x0000000002efcee8
Event: 15.849 Thread 0x000000005713f000 DEOPT PACKING pc=0x0000000002efcee8 sp=0x000000005754e870
Event: 15.849 Thread 0x000000005713f000 DEOPT UNPACKING pc=0x0000000002a0556a sp=0x000000005754e7f8 mode 2


Dynamic libraries:
0x000000013ff60000 - 0x000000013ff91000 	C:\Program Files\Android\Android Studio\jre\bin\java.exe
0x0000000077bd0000 - 0x0000000077d79000 	C:\Windows\SYSTEM32\ntdll.dll
0x00000000779b0000 - 0x0000000077acf000 	C:\Windows\system32\kernel32.dll
0x000007fefdbd0000 - 0x000007fefdc3b000 	C:\Windows\system32\KERNELBASE.dll
0x000007feff380000 - 0x000007feff45b000 	C:\Windows\system32\ADVAPI32.dll
0x000007feff820000 - 0x000007feff8bf000 	C:\Windows\system32\msvcrt.dll
0x000007fefdf10000 - 0x000007fefdf2f000 	C:\Windows\SYSTEM32\sechost.dll
0x000007feff4d0000 - 0x000007feff5fd000 	C:\Windows\system32\RPCRT4.dll
0x0000000077ad0000 - 0x0000000077bca000 	C:\Windows\system32\USER32.dll
0x000007feff460000 - 0x000007feff4c7000 	C:\Windows\system32\GDI32.dll
0x000007feff8c0000 - 0x000007feff8ce000 	C:\Windows\system32\LPK.dll
0x000007fefeec0000 - 0x000007fefef89000 	C:\Windows\system32\USP10.dll
0x000007fefc790000 - 0x000007fefc984000 	C:\Windows\WinSxS\amd64_microsoft.windows.common-controls_6595b64144ccf1df_6.0.7601.17514_none_fa396087175ac9ac\COMCTL32.dll
0x000007fefee40000 - 0x000007fefeeb1000 	C:\Windows\system32\SHLWAPI.dll
0x000007fefef90000 - 0x000007fefefbe000 	C:\Windows\system32\IMM32.DLL
0x000007feff1d0000 - 0x000007feff2d9000 	C:\Windows\system32\MSCTF.dll
0x000000006ff20000 - 0x000000006fff2000 	C:\Program Files\Android\Android Studio\jre\jre\bin\msvcr100.dll
0x000000006b430000 - 0x000000006bc64000 	C:\Program Files\Android\Android Studio\jre\jre\bin\server\jvm.dll
0x000007fef9ca0000 - 0x000007fef9ca9000 	C:\Windows\system32\WSOCK32.dll
0x000007feffe10000 - 0x000007feffe5d000 	C:\Windows\system32\WS2_32.dll
0x000007feff810000 - 0x000007feff818000 	C:\Windows\system32\NSI.dll
0x000007fefb9f0000 - 0x000007fefba2b000 	C:\Windows\system32\WINMM.dll
0x000007fefcc80000 - 0x000007fefcc8c000 	C:\Windows\system32\VERSION.dll
0x0000000077d90000 - 0x0000000077d97000 	C:\Windows\system32\PSAPI.DLL
0x000007fefc760000 - 0x000007fefc76f000 	C:\Program Files\Android\Android Studio\jre\jre\bin\verify.dll
0x000007fefb480000 - 0x000007fefb4a9000 	C:\Program Files\Android\Android Studio\jre\jre\bin\java.dll
0x000007fefb5a0000 - 0x000007fefb5b6000 	C:\Program Files\Android\Android Studio\jre\jre\bin\zip.dll
0x000007fefe0b0000 - 0x000007fefee38000 	C:\Windows\system32\SHELL32.dll
0x000007fefefc0000 - 0x000007feff1c3000 	C:\Windows\system32\ole32.dll
0x000007fefdb20000 - 0x000007fefdb2f000 	C:\Windows\system32\profapi.dll

VM Arguments:
jvm_args: -Djava.awt.headless=true -Xmx1024M -Dfile.encoding=windows-1252 -Duser.country=US -Duser.language=en -Duser.variant 
java_command: com.android.dx.command.Main --dex --force-jumbo --num-threads=4 --multi-dex --output C:\StudioProjects\BrightGasSE\app\build\intermediates\transforms\dex\debug\folders\1000\10\httpcore-4.4.2_d18cbffd65835752fbe0c5f9a612c4ea6bb214f3 C:\Users\RIDWAN\.gradle\caches\modules-2\files-2.1\org.apache.httpcomponents\httpcore\4.4.2\b8e98ae35bf6e3f14382deb60f2ea6e4e0e220fd\httpcore-4.4.2.jar
java_class_path (initial): C:\Users\RIDWAN\AppData\Local\Android\sdk\build-tools\23.0.2\lib\dx.jar
Launcher Type: SUN_STANDARD

Environment Variables:
PATH=C:\Windows\system32;C:\Windows;C:\Windows\System32\Wbem;C:\Windows\System32\WindowsPowerShell\v1.0\;C:\Program Files (x86)\Intel\OpenCL SDK\2.0\bin\x86;C:\Program Files (x86)\Intel\OpenCL SDK\2.0\bin\x64;C:\Users\RIDWAN\Downloads\Putty;C:\Program Files\xampp\php;C:\ProgramData\ComposerSetup\bin;C:\Program Files\xampp\php\ext;C:\Program Files\TortoiseSVN\bin;C:\phalcon-devtools;C:\Program Files\Git\cmd;C:\Program Files\cURL\bin
USERNAME=RIDWAN
OS=Windows_NT
PROCESSOR_IDENTIFIER=Intel64 Family 6 Model 42 Stepping 7, GenuineIntel



---------------  S Y S T E M  ---------------

OS: Windows 7 , 64 bit Build 7601 (6.1.7601.17514)

CPU:total 4 (2 cores per cpu, 2 threads per core) family 6 model 42 stepping 7, cmov, cx8, fxsr, mmx, sse, sse2, sse3, ssse3, sse4.1, sse4.2, popcnt, avx, aes, clmul, ht, tsc, tscinvbit

Memory: 4k page, physical 4102896k(698680k free), swap 4901572k(6060k free)

vm_info: OpenJDK 64-Bit Server VM (25.76-b03) for windows-amd64 JRE (1.8.0_76-release-b03), built on Jun 29 2016 19:09:20 by "ralucas" with MS VC++ 10.0 (VS2010)

time: Thu Dec 15 19:41:01 2016
elapsed time: 17 seconds (0d 0h 0m 17s)

