#
# There is insufficient memory for the Java Runtime Environment to continue.
# Native memory allocation (malloc) failed to allocate 8192 bytes for AllocateHeap
# Possible reasons:
#   The system is out of physical RAM or swap space
#   In 32 bit mode, the process size limit was hit
# Possible solutions:
#   Reduce memory load on the system
#   Increase physical memory or swap space
#   Check if swap backing store is full
#   Use 64 bit Java on a 64 bit OS
#   Decrease Java heap size (-Xmx/-Xms)
#   Decrease number of Java threads
#   Decrease Java thread stack sizes (-Xss)
#   Set larger code cache with -XX:ReservedCodeCacheSize=
# This output file may be truncated or incomplete.
#
#  Out of Memory Error (memory/allocation.inline.hpp:61), pid=14996, tid=0x0000000000000dec
#
# JRE version:  (8.0_76-b03) (build )
# Java VM: OpenJDK 64-Bit Server VM (25.76-b03 mixed mode windows-amd64 compressed oops)
# Failed to write core dump. Minidumps are not enabled by default on client versions of Windows
#

---------------  T H R E A D  ---------------

Current thread (0x00000000023ee000):  JavaThread "main" [_thread_in_vm, id=3564, stack(0x0000000002640000,0x0000000002740000)]

Stack: [0x0000000002640000,0x0000000002740000]
[error occurred during error reporting (printing stack bounds), id 0xc0000005]

Native frames: (J=compiled Java code, j=interpreted, Vv=VM code, C=native code)

Java frames: (J=compiled Java code, j=interpreted, Vv=VM code)
j  sun.misc.Unsafe.<clinit>()V+14
v  ~StubRoutines::call_stub
j  sun.misc.SharedSecrets.<clinit>()V+0
v  ~StubRoutines::call_stub
j  java.lang.ref.Reference.<clinit>()V+71
v  ~StubRoutines::call_stub

---------------  P R O C E S S  ---------------

Java Threads: ( => current thread )
  0x00000000550f0000 JavaThread "Reference Handler" daemon [_thread_new, id=3092, stack(0x0000000000000000,0x0000000000000000)]
=>0x00000000023ee000 JavaThread "main" [_thread_in_vm, id=3564, stack(0x0000000002640000,0x0000000002740000)]

Other Threads:
  0x00000000550e8000 VMThread [stack: 0x0000000056260000,0x0000000056360000] [id=11644]

VM state:not at safepoint (normal execution)

VM Mutex/Monitor currently owned by a thread:  ([mutex/lock_event])
[0x00000000023ebc60] SymbolTable_lock - owner thread: 0x00000000023ee000

Heap:
 PSYoungGen      total 18944K, used 327K [0x00000000eab00000, 0x00000000ec000000, 0x0000000100000000)
  eden space 16384K, 2% used [0x00000000eab00000,0x00000000eab51ec8,0x00000000ebb00000)
  from space 2560K, 0% used [0x00000000ebd80000,0x00000000ebd80000,0x00000000ec000000)
  to   space 2560K, 0% used [0x00000000ebb00000,0x00000000ebb00000,0x00000000ebd80000)
 ParOldGen       total 44032K, used 0K [0x00000000c0000000, 0x00000000c2b00000, 0x00000000eab00000)
  object space 44032K, 0% used [0x00000000c0000000,0x00000000c0000000,0x00000000c2b00000)
 Metaspace       used 1022K, capacity 4480K, committed 4480K, reserved 1056768K
  class space    used 107K, capacity 384K, committed 384K, reserved 1048576K

Card table byte_map: [0x0000000011dd0000,0x0000000011fe0000] byte_map_base: 0x00000000117d0000

Marking Bits: (ParMarkBitMap*) 0x000000006bbe9d00
 Begin Bits: [0x0000000012560000, 0x0000000013560000)
 End Bits:   [0x0000000013560000, 0x0000000014560000)

Polling page: 0x0000000000130000

CodeCache: size=245760Kb used=396Kb max_used=396Kb free=245363Kb
 bounds [0x0000000002a10000, 0x0000000002c80000, 0x0000000011a10000]
 total_blobs=89 nmethods=0 adapters=64
 compilation: enabled

Compilation events (0 events):
No events

GC Heap History (0 events):
No events

Deoptimization events (0 events):
No events

Internal exceptions (2 events):
Event: 1.552 Thread 0x00000000023ee000 Exception <a 'java/lang/NoSuchMethodError': Method sun.misc.Unsafe.defineClass(Ljava/lang/String;[BII)Ljava/lang/Class; name or signature does not match> (0x00000000eab07cc0) thrown at [C:\src\android\AOSP-openjdk\external\jetbrains\jdk\hotspot\src\share\vGä¢ÂÖø?
Event: 1.552 Thread 0x00000000023ee000 Exception <a 'java/lang/NoSuchMethodError': Method sun.misc.Unsafe.prefetchRead(Ljava/lang/Object;J)V name or signature does not match> (0x00000000eab07fa8) thrown at [C:\src\android\AOSP-openjdk\external\jetbrains\jdk\hotspot\src\share\vm\prims\jni.cpp, l

Events (10 events):
Event: 1.550 loading class sun/misc/JavaLangRefAccess
Event: 1.551 loading class sun/misc/JavaLangRefAccess done
Event: 1.551 loading class java/lang/ref/Reference$1 done
Event: 1.551 loading class sun/misc/SharedSecrets
Event: 1.551 loading class sun/misc/SharedSecrets done
Event: 1.551 loading class java/lang/NoSuchMethodError
Event: 1.552 loading class java/lang/IncompatibleClassChangeError
Event: 1.552 loading class java/lang/IncompatibleClassChangeError done
Event: 1.552 loading class java/lang/NoSuchMethodError done
Event: 1.552 loading class sun/reflect/Reflection


Dynamic libraries:
0x000000013ff60000 - 0x000000013ff91000 	C:\Program Files\Android\Android Studio\jre\bin\java.exe
0x0000000077bd0000 - 0x0000000077d79000 	C:\Windows\SYSTEM32\ntdll.dll
0x00000000779b0000 - 0x0000000077acf000 	C:\Windows\system32\kernel32.dll
0x000007fefdbd0000 - 0x000007fefdc3b000 	C:\Windows\system32\KERNELBASE.dll
0x000007feff380000 - 0x000007feff45b000 	C:\Windows\system32\ADVAPI32.dll
0x000007feff820000 - 0x000007feff8bf000 	C:\Windows\system32\msvcrt.dll
0x000007fefdf10000 - 0x000007fefdf2f000 	C:\Windows\SYSTEM32\sechost.dll
0x000007feff4d0000 - 0x000007feff5fd000 	C:\Windows\system32\RPCRT4.dll
0x0000000077ad0000 - 0x0000000077bca000 	C:\Windows\system32\USER32.dll
0x000007feff460000 - 0x000007feff4c7000 	C:\Windows\system32\GDI32.dll
0x000007feff8c0000 - 0x000007feff8ce000 	C:\Windows\system32\LPK.dll
0x000007fefeec0000 - 0x000007fefef89000 	C:\Windows\system32\USP10.dll
0x000007fefc790000 - 0x000007fefc984000 	C:\Windows\WinSxS\amd64_microsoft.windows.common-controls_6595b64144ccf1df_6.0.7601.17514_none_fa396087175ac9ac\COMCTL32.dll
0x000007fefee40000 - 0x000007fefeeb1000 	C:\Windows\system32\SHLWAPI.dll
0x000007fefef90000 - 0x000007fefefbe000 	C:\Windows\system32\IMM32.DLL
0x000007feff1d0000 - 0x000007feff2d9000 	C:\Windows\system32\MSCTF.dll
0x000000006ff20000 - 0x000000006fff2000 	C:\Program Files\Android\Android Studio\jre\jre\bin\msvcr100.dll
0x000000006b430000 - 0x000000006bc64000 	C:\Program Files\Android\Android Studio\jre\jre\bin\server\jvm.dll
0x000007fef9ca0000 - 0x000007fef9ca9000 	C:\Windows\system32\WSOCK32.dll
0x000007feffe10000 - 0x000007feffe5d000 	C:\Windows\system32\WS2_32.dll
0x000007feff810000 - 0x000007feff818000 	C:\Windows\system32\NSI.dll
0x000007fefb9f0000 - 0x000007fefba2b000 	C:\Windows\system32\WINMM.dll
0x000007fefcc80000 - 0x000007fefcc8c000 	C:\Windows\system32\VERSION.dll
0x0000000077d90000 - 0x0000000077d97000 	C:\Windows\system32\PSAPI.DLL
0x000007fefc760000 - 0x000007fefc76f000 	C:\Program Files\Android\Android Studio\jre\jre\bin\verify.dll
0x000007fefb480000 - 0x000007fefb4a9000 	C:\Program Files\Android\Android Studio\jre\jre\bin\java.dll
0x000007fefb5a0000 - 0x000007fefb5b6000 	C:\Program Files\Android\Android Studio\jre\jre\bin\zip.dll

VM Arguments:
jvm_args: -Djava.awt.headless=true -Xmx1024M -Dfile.encoding=windows-1252 -Duser.country=US -Duser.language=en -Duser.variant 
java_command: com.android.dx.command.Main --dex --force-jumbo --num-threads=4 --multi-dex --output C:\StudioProjects\BrightGasSE\app\build\intermediates\transforms\dex\debug\folders\1000\10\com.android.support-support-vector-drawable-23.2.1_15f7ec4b19c1a04323793c85a0b22e737c969414 C:\StudioProjects\BrightGasSE\app\build\intermediates\exploded-aar\com.android.support\support-vector-drawable\23.2.1\jars\classes.jar
java_class_path (initial): C:\Users\RIDWAN\AppData\Local\Android\sdk\build-tools\23.0.2\lib\dx.jar
Launcher Type: SUN_STANDARD

Environment Variables:
PATH=C:\Windows\system32;C:\Windows;C:\Windows\System32\Wbem;C:\Windows\System32\WindowsPowerShell\v1.0\;C:\Program Files (x86)\Intel\OpenCL SDK\2.0\bin\x86;C:\Program Files (x86)\Intel\OpenCL SDK\2.0\bin\x64;C:\Users\RIDWAN\Downloads\Putty;C:\Program Files\xampp\php;C:\ProgramData\ComposerSetup\bin;C:\Program Files\xampp\php\ext;C:\Program Files\TortoiseSVN\bin;C:\phalcon-devtools;C:\Program Files\Git\cmd;C:\Program Files\cURL\bin
USERNAME=RIDWAN
OS=Windows_NT
PROCESSOR_IDENTIFIER=Intel64 Family 6 Model 42 Stepping 7, GenuineIntel



---------------  S Y S T E M  ---------------

OS: Windows 7 , 64 bit Build 7601 (6.1.7601.17514)

CPU:total 4 (2 cores per cpu, 2 threads per core) family 6 model 42 stepping 7, cmov, cx8, fxsr, mmx, sse, sse2, sse3, ssse3, sse4.1, sse4.2, popcnt, avx, aes, clmul, ht, tsc, tscinvbit

Memory: 4k page, physical 4102896k(698504k free), swap 4901572k(6204k free)

vm_info: OpenJDK 64-Bit Server VM (25.76-b03) for windows-amd64 JRE (1.8.0_76-release-b03), built on Jun 29 2016 19:09:20 by "ralucas" with MS VC++ 10.0 (VS2010)

time: Thu Dec 15 19:41:01 2016
elapsed time: 1 seconds (0d 0h 0m 1s)

